
> food-tracker@0.0.0 start
> nodemon ./bin/www

[33m[nodemon] 3.1.4[39m
[33m[nodemon] to restart at any time, enter `rs`[39m
[33m[nodemon] watching path(s): *.*[39m
[33m[nodemon] watching extensions: js,mjs,cjs,json[39m
[32m[nodemon] starting `node ./bin/www`[39m
1-Beginning of app.js...
2-Router was imported...
3-Static files were served...
5-Connection with db...
6- Send to index.html...
7- End of app.js...
Server is running on http://localhost:3000
[32m[nodemon] restarting due to changes...[39m
[32m[nodemon] starting `node ./bin/www`[39m
1-Beginning of app.js...
2-Router was imported...
3-Static files were served...
5-Connection with db...
6- Send to index.html...
7- End of app.js...
[31m[nodemon] app crashed - waiting for file changes before starting...[39m

> food-tracker@0.0.0 start
> nodemon ./bin/www

[33m[nodemon] 3.1.4[39m
[33m[nodemon] to restart at any time, enter `rs`[39m
[33m[nodemon] watching path(s): *.*[39m
[33m[nodemon] watching extensions: js,mjs,cjs,json[39m
[32m[nodemon] starting `node ./bin/www`[39m
1-Beginning of app.js...
2-Router was imported...
3-Static files were served...
5-Connection with db...
6- Send to index.html...
7- End of app.js...
[31m[nodemon] app crashed - waiting for file changes before starting...[39m
[32m[nodemon] restarting due to changes...[39m
[32m[nodemon] starting `node ./bin/www`[39m
[32m[nodemon] restarting due to changes...[39m
[32m[nodemon] starting `node ./bin/www`[39m
1-Beginning of app.js...
1-Beginning of app.js...
2-Router was imported...
2-Router was imported...
3-Static files were served...
3-Static files were served...
5-Connection with db...
5-Connection with db...
6- Send to index.html...
7- End of app.js...
6- Send to index.html...
7- End of app.js...
Server is running on http://localhost:3000
[31m[nodemon] app crashed - waiting for file changes before starting...[39m

> food-tracker@0.0.0 start
> nodemon ./bin/www


> food-tracker@0.0.0 start
> nodemon ./bin/www

[33m[nodemon] 3.1.4[39m
[33m[nodemon] to restart at any time, enter `rs`[39m
[33m[nodemon] watching path(s): *.*[39m
[33m[nodemon] watching extensions: js,mjs,cjs,json[39m
[32m[nodemon] starting `node ./bin/www`[39m
[33m[nodemon] 3.1.4[39m
[33m[nodemon] to restart at any time, enter `rs`[39m
[33m[nodemon] watching path(s): *.*[39m
[33m[nodemon] watching extensions: js,mjs,cjs,json[39m
[32m[nodemon] starting `node ./bin/www`[39m
1-Beginning of app.js...
1-Beginning of app.js...
2-Router was imported...
3-Static files were served...
5-Connection with db...
6- Send to index.html...
7- End of app.js...
Server is running on http://localhost:3000
2-Router was imported...
3-Static files were served...
5-Connection with db...
6- Send to index.html...
7- End of app.js...
[31m[nodemon] app crashed - waiting for file changes before starting...[39m
[0mGET / [32m200 [0m18.625 ms - 925[0m
[0mGET /assets/index-B54zMqBc.css [32m200 [0m6.822 ms - 8235[0m
[0mGET /assets/index-C-EL0ZIm.js [32m200 [0m8.275 ms - 288022[0m
[0mGET /assets/AnjaEliane-B1zAiGq-.ttf [32m200 [0m3.389 ms - 37572[0m
[0mGET /login [33m404 [0m76.971 ms - 136[0m
[0mGET /assets/logoFoodTracker-D6kttECF.png [32m200 [0m1.260 ms - 28359[0m
[0mGET /assets/index-B54zMqBc.css [36m304 [0m4.346 ms - -[0m
[0mGET /register [33m404 [0m2.312 ms - 136[0m
[0mGET /login [33m404 [0m3.406 ms - 136[0m
1-Beginning of app.js...
2-Router was imported...
3-Static files were served...
5-Connection with db...
6- Send to index.html...
7- End of app.js...
Server is running on http://localhost:3000
[0mGET /login [33m404 [0m56.628 ms - 136[0m
[0mGET /login [33m404 [0m2.879 ms - 136[0m
1-Beginning of app.js...

> food-tracker@0.0.0 start
> nodemon ./bin/www


> food-tracker@0.0.0 start
> nodemon ./bin/www

1-Beginning of app.js...
[33m[nodemon] 3.1.4[39m
[33m[nodemon] to restart at any time, enter `rs`[39m
[33m[nodemon] 3.1.4[39m
[33m[nodemon] to restart at any time, enter `rs`[39m
[33m[nodemon] watching path(s): *.*[39m
[33m[nodemon] watching extensions: js,mjs,cjs,json[39m
[33m[nodemon] watching path(s): *.*[39m
[33m[nodemon] watching extensions: js,mjs,cjs,json[39m
[32m[nodemon] starting `node ./bin/www`[39m
[32m[nodemon] starting `node ./bin/www`[39m
1-Beginning of app.js...
1-Beginning of app.js...
[31m[nodemon] app crashed - waiting for file changes before starting...[39m
[31m[nodemon] app crashed - waiting for file changes before starting...[39m
1-Beginning of app.js...
1-Beginning of app.js...
1-Beginning of app.js...
1-Beginning of app.js...
1-Beginning of app.js...
1-Beginning of app.js...
1-Beginning of app.js...
1-Beginning of app.js...
1-Beginning of app.js...
1-Beginning of app.js...
1-Beginning of app.js...
1-Beginning of app.js...
1-Beginning of app.js...
1-Beginning of app.js...
1-Beginning of app.js...
1-Beginning of app.js...
1-Beginning of app.js...
1-Beginning of app.js...
1-Beginning of app.js...
1-Beginning of app.js...
1-Beginning of app.js...
1-Beginning of app.js...
1-Beginning of app.js...
1-Beginning of app.js...
1-Beginning of app.js...
1-Beginning of app.js...
1-Beginning of app.js...
1-Beginning of app.js...
1-Beginning of app.js...
1-Beginning of app.js...
1-Beginning of app.js...
1-Beginning of app.js...
1-Beginning of app.js...
1-Beginning of app.js...
1-Beginning of app.js...
1-Beginning of app.js...
1-Beginning of app.js...
1-Beginning of app.js...
1-Beginning of app.js...
1-Beginning of app.js...
1-Beginning of app.js...
1-Beginning of app.js...
1-Beginning of app.js...
1-Beginning of app.js...
1-Beginning of app.js...
1-Beginning of app.js...
1-Beginning of app.js...
1-Beginning of app.js...
1-Beginning of app.js...
1-Beginning of app.js...
1-Beginning of app.js...
1-Beginning of app.js...
1-Beginning of app.js...
1-Beginning of app.js...
1-Beginning of app.js...
1-Beginning of app.js...
1-Beginning of app.js...
1-Beginning of app.js...
1-Beginning of app.js...
1-Beginning of app.js...
1-Beginning of app.js...
1-Beginning of app.js...
1-Beginning of app.js...
1-Beginning of app.js...
1-Beginning of app.js...
1-Beginning of app.js...
1-Beginning of app.js...
1-Beginning of app.js...
1-Beginning of app.js...
1-Beginning of app.js...
1-Beginning of app.js...
1-Beginning of app.js...
1-Beginning of app.js...
1-Beginning of app.js...
1-Beginning of app.js...
1-Beginning of app.js...
1-Beginning of app.js...
1-Beginning of app.js...
1-Beginning of app.js...
1-Beginning of app.js...
1-Beginning of app.js...
1-Beginning of app.js...
1-Beginning of app.js...
1-Beginning of app.js...
1-Beginning of app.js...
1-Beginning of app.js...
1-Beginning of app.js...
1-Beginning of app.js...
1-Beginning of app.js...
1-Beginning of app.js...
1-Beginning of app.js...
1-Beginning of app.js...
1-Beginning of app.js...
1-Beginning of app.js...
1-Beginning of app.js...
1-Beginning of app.js...
1-Beginning of app.js...
1-Beginning of app.js...
1-Beginning of app.js...
1-Beginning of app.js...
1-Beginning of app.js...
1-Beginning of app.js...
1-Beginning of app.js...
1-Beginning of app.js...
1-Beginning of app.js...
1-Beginning of app.js...
1-Beginning of app.js...
1-Beginning of app.js...
1-Beginning of app.js...
1-Beginning of app.js...
1-Beginning of app.js...
1-Beginning of app.js...
1-Beginning of app.js...
1-Beginning of app.js...
1-Beginning of app.js...
1-Beginning of app.js...
1-Beginning of app.js...
1-Beginning of app.js...
1-Beginning of app.js...
1-Beginning of app.js...
1-Beginning of app.js...
1-Beginning of app.js...
1-Beginning of app.js...
1-Beginning of app.js...
1-Beginning of app.js...
1-Beginning of app.js...
1-Beginning of app.js...
1-Beginning of app.js...
1-Beginning of app.js...
1-Beginning of app.js...
1-Beginning of app.js...
1-Beginning of app.js...
1-Beginning of app.js...
1-Beginning of app.js...
1-Beginning of app.js...
1-Beginning of app.js...
1-Beginning of app.js...
1-Beginning of app.js...
1-Beginning of app.js...
1-Beginning of app.js...
1-Beginning of app.js...
1-Beginning of app.js...
1-Beginning of app.js...
1-Beginning of app.js...
1-Beginning of app.js...
1-Beginning of app.js...
1-Beginning of app.js...
1-Beginning of app.js...
1-Beginning of app.js...
1-Beginning of app.js...
1-Beginning of app.js...
1-Beginning of app.js...
1-Beginning of app.js...
1-Beginning of app.js...
1-Beginning of app.js...
1-Beginning of app.js...
1-Beginning of app.js...
1-Beginning of app.js...
1-Beginning of app.js...
1-Beginning of app.js...
1-Beginning of app.js...
1-Beginning of app.js...
1-Beginning of app.js...
1-Beginning of app.js...
1-Beginning of app.js...
1-Beginning of app.js...
1-Beginning of app.js...
1-Beginning of app.js...
1-Beginning of app.js...
1-Beginning of app.js...
1-Beginning of app.js...
1-Beginning of app.js...
1-Beginning of app.js...
1-Beginning of app.js...
1-Beginning of app.js...
1-Beginning of app.js...
1-Beginning of app.js...
1-Beginning of app.js...
1-Beginning of app.js...
1-Beginning of app.js...
1-Beginning of app.js...
1-Beginning of app.js...
1-Beginning of app.js...
1-Beginning of app.js...
1-Beginning of app.js...
1-Beginning of app.js...
1-Beginning of app.js...
1-Beginning of app.js...
1-Beginning of app.js...
1-Beginning of app.js...
1-Beginning of app.js...
1-Beginning of app.js...
1-Beginning of app.js...
1-Beginning of app.js...
1-Beginning of app.js...
1-Beginning of app.js...
1-Beginning of app.js...
1-Beginning of app.js...
1-Beginning of app.js...
1-Beginning of app.js...
1-Beginning of app.js...
1-Beginning of app.js...
1-Beginning of app.js...
1-Beginning of app.js...
1-Beginning of app.js...
1-Beginning of app.js...
1-Beginning of app.js...
1-Beginning of app.js...
1-Beginning of app.js...
1-Beginning of app.js...
1-Beginning of app.js...
1-Beginning of app.js...
1-Beginning of app.js...
1-Beginning of app.js...
1-Beginning of app.js...
1-Beginning of app.js...
1-Beginning of app.js...
1-Beginning of app.js...
1-Beginning of app.js...
1-Beginning of app.js...
1-Beginning of app.js...
1-Beginning of app.js...
1-Beginning of app.js...
1-Beginning of app.js...
1-Beginning of app.js...
1-Beginning of app.js...
1-Beginning of app.js...
1-Beginning of app.js...
1-Beginning of app.js...
1-Beginning of app.js...
1-Beginning of app.js...
1-Beginning of app.js...
1-Beginning of app.js...
1-Beginning of app.js...
1-Beginning of app.js...
1-Beginning of app.js...
1-Beginning of app.js...
1-Beginning of app.js...
1-Beginning of app.js...
1-Beginning of app.js...
1-Beginning of app.js...
1-Beginning of app.js...
1-Beginning of app.js...
1-Beginning of app.js...
1-Beginning of app.js...
1-Beginning of app.js...
1-Beginning of app.js...
1-Beginning of app.js...
1-Beginning of app.js...
1-Beginning of app.js...
1-Beginning of app.js...
1-Beginning of app.js...
1-Beginning of app.js...
1-Beginning of app.js...
1-Beginning of app.js...
1-Beginning of app.js...
1-Beginning of app.js...
1-Beginning of app.js...
1-Beginning of app.js...
1-Beginning of app.js...
1-Beginning of app.js...
1-Beginning of app.js...
1-Beginning of app.js...
1-Beginning of app.js...
1-Beginning of app.js...
1-Beginning of app.js...
1-Beginning of app.js...
1-Beginning of app.js...
1-Beginning of app.js...
1-Beginning of app.js...
1-Beginning of app.js...
1-Beginning of app.js...
1-Beginning of app.js...
1-Beginning of app.js...
1-Beginning of app.js...
1-Beginning of app.js...
1-Beginning of app.js...
1-Beginning of app.js...
1-Beginning of app.js...
1-Beginning of app.js...
1-Beginning of app.js...
1-Beginning of app.js...
1-Beginning of app.js...
1-Beginning of app.js...
1-Beginning of app.js...
1-Beginning of app.js...
1-Beginning of app.js...
1-Beginning of app.js...
1-Beginning of app.js...
1-Beginning of app.js...
1-Beginning of app.js...
1-Beginning of app.js...
1-Beginning of app.js...
1-Beginning of app.js...
1-Beginning of app.js...
1-Beginning of app.js...
1-Beginning of app.js...
1-Beginning of app.js...
1-Beginning of app.js...
1-Beginning of app.js...
1-Beginning of app.js...
1-Beginning of app.js...
1-Beginning of app.js...
1-Beginning of app.js...
1-Beginning of app.js...
1-Beginning of app.js...
1-Beginning of app.js...
1-Beginning of app.js...
1-Beginning of app.js...
1-Beginning of app.js...
1-Beginning of app.js...
1-Beginning of app.js...
1-Beginning of app.js...
1-Beginning of app.js...
2-Router was imported...
3-Static files were served...
5-Connection with db...
6- Send to index.html...
7- End of app.js...
Server is running on http://localhost:3000
1-Beginning of app.js...
2-Router was imported...
3-Static files were served...
5-Connection with db...
6- Send to index.html...
7- End of app.js...
Server is running on http://localhost:3000
[0mGET / [36m304 [0m9.429 ms - -[0m
[0mGET /assets/index-C-EL0ZIm.js [36m304 [0m2.476 ms - -[0m
[0mGET /assets/index-B54zMqBc.css [36m304 [0m4.306 ms - -[0m
[0mGET /assets/AnjaEliane-B1zAiGq-.ttf [36m304 [0m0.712 ms - -[0m
[0mGET /assets/logoFoodTracker-D6kttECF.png [36m304 [0m2.531 ms - -[0m
[0mGET /login [32m200 [0m17.334 ms - 925[0m
[0mGET /assets/index-B54zMqBc.css [36m304 [0m1.649 ms - -[0m
[0mGET /register [32m200 [0m3.019 ms - 925[0m
[0mGET /login [36m304 [0m3.155 ms - -[0m
[0mGET / [32m200 [0m7.880 ms - 925[0m
1-Beginning of app.js...
2-Router was imported...
3-Static files were served...
5-Connection with db...
6- Send to index.html...
7- End of app.js...
Server is running on http://localhost:3000
[0mGET / [36m304 [0m8.655 ms - -[0m
[0mGET /assets/index-B54zMqBc.css [36m304 [0m3.296 ms - -[0m
[0mGET /assets/index-C-EL0ZIm.js [36m304 [0m4.245 ms - -[0m
[0mGET /assets/AnjaEliane-B1zAiGq-.ttf [36m304 [0m1.882 ms - -[0m
[0mGET /login [36m304 [0m6.431 ms - -[0m
[0mGET /assets/index-B54zMqBc.css [36m304 [0m2.335 ms - -[0m
