0 verbose cli /usr/bin/node /usr/bin/npm
1 info using npm@9.2.0
2 info using node@v18.19.1
3 timing npm:load:whichnode Completed in 3ms
4 timing config:load:defaults Completed in 12ms
5 timing config:load:file:/usr/share/nodejs/npm/npmrc Completed in 19ms
6 timing config:load:builtin Completed in 20ms
7 timing config:load:cli Completed in 9ms
8 timing config:load:env Completed in 0ms
9 timing config:load:file:/home/ubuntu/food-tracker-fullstack/.npmrc Completed in 5ms
10 timing config:load:project Completed in 25ms
11 timing config:load:file:/home/ubuntu/.npmrc Completed in 5ms
12 timing config:load:user Completed in 5ms
13 timing config:load:file:/etc/npmrc Completed in 4ms
14 timing config:load:global Completed in 5ms
15 timing config:load:setEnvs Completed in 6ms
16 timing config:load Completed in 85ms
17 timing npm:load:configload Completed in 85ms
18 timing npm:load:mkdirpcache Completed in 7ms
19 timing npm:load:mkdirplogs Completed in 1ms
20 verbose title npm install mysql
21 verbose argv "install" "mysql"
22 timing npm:load:setTitle Completed in 8ms
23 timing config:load:flatten Completed in 19ms
24 timing npm:load:display Completed in 25ms
25 verbose logfile logs-max:10 dir:/home/ubuntu/.npm/_logs/2024-11-09T17_01_06_299Z-
26 verbose logfile /home/ubuntu/.npm/_logs/2024-11-09T17_01_06_299Z-debug-0.log
27 timing npm:load:logFile Completed in 50ms
28 timing npm:load:timers Completed in 0ms
29 timing npm:load:configScope Completed in 0ms
30 timing npm:load Completed in 182ms
31 timing config:load:flatten Completed in 1ms
32 timing arborist:ctor Completed in 5ms
33 silly logfile start cleaning logs, removing 1 files
34 silly logfile done cleaning log files
35 timing idealTree:init Completed in 584ms
36 timing idealTree:userRequests Completed in 12ms
37 silly idealTree buildDeps
38 silly fetch manifest mysql@^2.18.1
39 timing arborist:ctor Completed in 1ms
40 http fetch GET 200 https://registry.npmjs.org/mysql 921ms (cache miss)
41 silly placeDep ROOT mysql@2.18.1 REPLACE for: food-tracker@0.0.0 want: ^2.18.1
42 timing idealTree:#root Completed in 975ms
43 timing idealTree:node_modules/mysql Completed in 0ms
44 timing idealTree:buildDeps Completed in 981ms
45 timing idealTree:fixDepFlags Completed in 16ms
46 timing idealTree Completed in 1624ms
47 timing reify:loadTrees Completed in 1626ms
48 timing reify:diffTrees Completed in 31ms
49 silly reify moves {}
50 timing reify:retireShallow Completed in 6ms
51 timing reify:createSparse Completed in 23ms
52 timing reify:loadBundles Completed in 0ms
53 silly audit bulk request {
53 silly audit   '@emailjs/browser': [ '4.4.1' ],
53 silly audit   '@mapbox/node-pre-gyp': [ '1.0.11' ],
53 silly audit   abbrev: [ '1.1.1' ],
53 silly audit   accepts: [ '1.3.8' ],
53 silly audit   'agent-base': [ '6.0.2' ],
53 silly audit   debug: [ '4.3.6', '2.6.9' ],
53 silly audit   ms: [ '2.1.2', '2.1.3', '2.0.0' ],
53 silly audit   'ansi-regex': [ '5.0.1' ],
53 silly audit   anymatch: [ '3.1.3' ],
53 silly audit   aproba: [ '2.0.0' ],
53 silly audit   'are-we-there-yet': [ '2.0.0' ],
53 silly audit   'readable-stream': [ '3.6.2', '2.3.7' ],
53 silly audit   'array-flatten': [ '1.1.1' ],
53 silly audit   'balanced-match': [ '1.0.2' ],
53 silly audit   'basic-auth': [ '2.0.1' ],
53 silly audit   'safe-buffer': [ '5.1.2', '5.2.1' ],
53 silly audit   bcrypt: [ '5.1.1' ],
53 silly audit   'bignumber.js': [ '9.0.0' ],
53 silly audit   'binary-extensions': [ '2.3.0' ],
53 silly audit   'body-parser': [ '1.20.3' ],
53 silly audit   'http-errors': [ '2.0.0', '1.6.3' ],
53 silly audit   inherits: [ '2.0.4', '2.0.3' ],
53 silly audit   qs: [ '6.13.0', '6.11.0' ],
53 silly audit   'brace-expansion': [ '1.1.11' ],
53 silly audit   braces: [ '3.0.3' ],
53 silly audit   'buffer-equal-constant-time': [ '1.0.1' ],
53 silly audit   bytes: [ '3.1.2' ],
53 silly audit   'call-bind': [ '1.0.7' ],
53 silly audit   'character-parser': [ '1.0.2' ],
53 silly audit   chokidar: [ '3.6.0' ],
53 silly audit   readdirp: [ '3.6.0', '0.2.5' ],
53 silly audit   chownr: [ '2.0.0' ],
53 silly audit   'color-support': [ '1.1.3' ],
53 silly audit   commander: [ '0.6.1' ],
53 silly audit   'concat-map': [ '0.0.1' ],
53 silly audit   'console-control-strings': [ '1.1.0' ],
53 silly audit   'content-disposition': [ '0.5.4' ],
53 silly audit   'content-type': [ '1.0.5' ],
53 silly audit   cookie: [ '0.4.1', '0.6.0' ],
53 silly audit   'cookie-parser': [ '1.4.6' ],
53 silly audit   'cookie-signature': [ '1.0.6' ],
53 silly audit   'core-util-is': [ '1.0.3' ],
53 silly audit   cors: [ '2.8.5' ],
53 silly audit   'define-data-property': [ '1.1.4' ],
53 silly audit   delegates: [ '1.0.0' ],
53 silly audit   depd: [ '2.0.0', '1.1.2' ],
53 silly audit   destroy: [ '1.2.0' ],
53 silly audit   'detect-libc': [ '2.0.3' ],
53 silly audit   dotenv: [ '16.4.5' ],
53 silly audit   'ecdsa-sig-formatter': [ '1.0.11' ],
53 silly audit   'ee-first': [ '1.1.1' ],
53 silly audit   'emoji-regex': [ '8.0.0' ],
53 silly audit   encodeurl: [ '1.0.2', '2.0.0' ],
53 silly audit   'es-define-property': [ '1.0.0' ],
53 silly audit   'es-errors': [ '1.3.0' ],
53 silly audit   'escape-html': [ '1.0.3' ],
53 silly audit   etag: [ '1.8.1' ],
53 silly audit   express: [ '4.20.0' ],
53 silly audit   'fill-range': [ '7.1.1' ],
53 silly audit   finalhandler: [ '1.2.0' ],
53 silly audit   forwarded: [ '0.2.0' ],
53 silly audit   fresh: [ '0.5.2' ],
53 silly audit   'fs-minipass': [ '2.1.0' ],
53 silly audit   minipass: [ '3.3.6', '5.0.0' ],
53 silly audit   'fs.realpath': [ '1.0.0' ],
53 silly audit   fsevents: [ '2.3.3' ],
53 silly audit   'function-bind': [ '1.1.2' ],
53 silly audit   gauge: [ '3.0.2' ],
53 silly audit   'get-intrinsic': [ '1.2.4' ],
53 silly audit   glob: [ '7.2.3' ],
53 silly audit   'glob-parent': [ '5.1.2' ],
53 silly audit   gopd: [ '1.0.1' ],
53 silly audit   'has-flag': [ '3.0.0' ],
53 silly audit   'has-property-descriptors': [ '1.0.2' ],
53 silly audit   'has-proto': [ '1.0.3' ],
53 silly audit   'has-symbols': [ '1.0.3' ],
53 silly audit   'has-unicode': [ '2.0.1' ],
53 silly audit   hasown: [ '2.0.2' ],
53 silly audit   setprototypeof: [ '1.1.0', '1.2.0' ],
53 silly audit   statuses: [ '1.5.0', '2.0.1' ],
53 silly audit   'https-proxy-agent': [ '5.0.1' ],
53 silly audit   'iconv-lite': [ '0.4.24' ],
53 silly audit   'ignore-by-default': [ '1.0.1' ],
53 silly audit   inflight: [ '1.0.6' ],
53 silly audit   'ipaddr.js': [ '1.9.1' ],
53 silly audit   'is-binary-path': [ '2.1.0' ],
53 silly audit   'is-extglob': [ '2.1.1' ],
53 silly audit   'is-fullwidth-code-point': [ '3.0.0' ],
53 silly audit   'is-glob': [ '4.0.3' ],
53 silly audit   'is-number': [ '7.0.0' ],
53 silly audit   'is-promise': [ '1.0.1' ],
53 silly audit   isarray: [ '1.0.0' ],
53 silly audit   jade: [ '0.29.0' ],
53 silly audit   jsonwebtoken: [ '9.0.2' ],
53 silly audit   jwa: [ '1.4.1' ],
53 silly audit   jws: [ '3.2.2' ],
53 silly audit   'lodash.includes': [ '4.3.0' ],
53 silly audit   'lodash.isboolean': [ '3.0.3' ],
53 silly audit   'lodash.isinteger': [ '4.0.4' ],
53 silly audit   'lodash.isnumber': [ '3.0.3' ],
53 silly audit   'lodash.isplainobject': [ '4.0.6' ],
53 silly audit   'lodash.isstring': [ '4.0.1' ],
53 silly audit   'lodash.once': [ '4.1.1' ],
53 silly audit   luxon: [ '3.5.0' ],
53 silly audit   'make-dir': [ '3.1.0' ],
53 silly audit   semver: [ '6.3.1', '7.6.3' ],
53 silly audit   'media-typer': [ '0.3.0' ],
53 silly audit   'merge-descriptors': [ '1.0.3' ],
53 silly audit   methods: [ '1.1.2' ],
53 silly audit   mime: [ '1.6.0' ],
53 silly audit   'mime-db': [ '1.52.0' ],
53 silly audit   'mime-types': [ '2.1.35' ],
53 silly audit   minimatch: [ '3.1.2' ],
53 silly audit   minizlib: [ '2.1.2' ],
53 silly audit   mkdirp: [ '0.3.5', '1.0.4' ],
53 silly audit   monocle: [ '0.1.50' ],
53 silly audit   morgan: [ '1.9.1' ],
53 silly audit   'on-finished': [ '2.3.0', '2.4.1' ],
53 silly audit   negotiator: [ '0.6.3' ],
53 silly audit   'node-addon-api': [ '5.1.0' ],
53 silly audit   'node-fetch': [ '2.7.0' ],
53 silly audit   nodemon: [ '3.1.4' ],
53 silly audit   nopt: [ '5.0.0' ],
53 silly audit   'normalize-path': [ '3.0.0' ],
53 silly audit   npmlog: [ '5.0.1' ],
53 silly audit   'object-assign': [ '4.1.1' ],
53 silly audit   'object-inspect': [ '1.13.2' ],
53 silly audit   'on-headers': [ '1.0.2' ],
53 silly audit   once: [ '1.4.0' ],
53 silly audit   parseurl: [ '1.3.3' ],
53 silly audit   'path-is-absolute': [ '1.0.1' ],
53 silly audit   'path-to-regexp': [ '0.1.10' ],
53 silly audit   picomatch: [ '2.3.1' ],
53 silly audit   'process-nextick-args': [ '2.0.1' ],
53 silly audit   promise: [ '2.0.0' ],
53 silly audit   'proxy-addr': [ '2.0.7' ],
53 silly audit   'pstree.remy': [ '1.1.8' ],
53 silly audit   'range-parser': [ '1.2.1' ],
53 silly audit   'raw-body': [ '2.5.2' ],
53 silly audit   rimraf: [ '3.0.2' ],
53 silly audit   'safer-buffer': [ '2.1.2' ],
53 silly audit   send: [ '0.19.0', '0.18.0' ],
53 silly audit   'serve-static': [ '1.16.0' ],
53 silly audit   'set-blocking': [ '2.0.0' ],
53 silly audit   'set-function-length': [ '1.2.2' ],
53 silly audit   'side-channel': [ '1.0.6' ],
53 silly audit   'signal-exit': [ '3.0.7' ],
53 silly audit   'simple-update-notifier': [ '2.0.0' ],
53 silly audit   sqlstring: [ '2.3.1' ],
53 silly audit   string_decoder: [ '1.1.1' ],
53 silly audit   'string-width': [ '4.2.3' ],
53 silly audit   'strip-ansi': [ '6.0.1' ],
53 silly audit   'supports-color': [ '5.5.0' ],
53 silly audit   tar: [ '6.2.1' ],
53 silly audit   'to-regex-range': [ '5.0.1' ],
53 silly audit   toidentifier: [ '1.0.1' ],
53 silly audit   touch: [ '3.1.1' ],
53 silly audit   tr46: [ '0.0.3' ],
53 silly audit   transformers: [ '1.8.3' ],
53 silly audit   'type-is': [ '1.6.18' ],
53 silly audit   undefsafe: [ '2.0.5' ],
53 silly audit   unpipe: [ '1.0.0' ],
53 silly audit   'util-deprecate': [ '1.0.2' ],
53 silly audit   'utils-merge': [ '1.0.1' ],
53 silly audit   vary: [ '1.1.2' ],
53 silly audit   'webidl-conversions': [ '3.0.1' ],
53 silly audit   'whatwg-url': [ '5.0.0' ],
53 silly audit   'wide-align': [ '1.1.5' ],
53 silly audit   wrappy: [ '1.0.2' ],
53 silly audit   yallist: [ '4.0.0' ],
53 silly audit   mysql: [ '2.18.1' ]
53 silly audit }
54 verbose reify failed optional dependency /home/ubuntu/food-tracker-fullstack/node_modules/fsevents
55 silly reify mark deleted [ '/home/ubuntu/food-tracker-fullstack/node_modules/fsevents' ]
56 timing reifyNode:node_modules/fsevents Completed in 10ms
57 timing reify:unpack Completed in 12ms
58 timing reify:unretire Completed in 0ms
59 timing build:queue Completed in 23ms
60 timing build:deps Completed in 25ms
61 timing build Completed in 26ms
62 timing reify:build Completed in 27ms
63 timing reify:trash Completed in 6ms
64 http fetch POST 200 https://registry.npmjs.org/-/npm/v1/security/advisories/bulk 312ms
65 timing auditReport:getReport Completed in 358ms
66 silly audit report {
66 silly audit report   cookie: [
66 silly audit report     {
66 silly audit report       id: 1099846,
66 silly audit report       url: 'https://github.com/advisories/GHSA-pxg6-pf52-xh8x',
66 silly audit report       title: 'cookie accepts cookie name, path, and domain with out of bounds characters',
66 silly audit report       severity: 'low',
66 silly audit report       vulnerable_versions: '<0.7.0',
66 silly audit report       cwe: [Array],
66 silly audit report       cvss: [Object]
66 silly audit report     }
66 silly audit report   ],
66 silly audit report   send: [
66 silly audit report     {
66 silly audit report       id: 1099525,
66 silly audit report       url: 'https://github.com/advisories/GHSA-m6fv-jmcg-4jfg',
66 silly audit report       title: 'send vulnerable to template injection that can lead to XSS',
66 silly audit report       severity: 'moderate',
66 silly audit report       vulnerable_versions: '<0.19.0',
66 silly audit report       cwe: [Array],
66 silly audit report       cvss: [Object]
66 silly audit report     }
66 silly audit report   ]
66 silly audit report }
67 timing reify:save Completed in 275ms
68 timing metavuln:cache:get:security-advisory:cookie:fiAgy8LdsBPaQEbo7M3TC0K1AVc7Dl69m8P2pmr6RTs1eBYnkyvV6lHHCRB0mAKtL1TSQPXxJVEHOqp48Uvhag== Completed in 138ms
69 timing metavuln:cache:get:security-advisory:send:OShLTeaftGdoI6AC7xvJ84fklSsg8XN9g5w+pRFqXWtM66RkMgSjQaSgIRFeMMpYy/URhePqWfUgvGta5cUXXw== Completed in 136ms
70 http fetch GET 200 https://registry.npmjs.org/cookie 211ms (cache revalidated)
71 timing metavuln:packument:cookie Completed in 213ms
72 timing metavuln:load:security-advisory:cookie:1099846 Completed in 3ms
73 timing metavuln:calculate:security-advisory:cookie:1099846 Completed in 221ms
74 http fetch GET 200 https://registry.npmjs.org/send 232ms (cache revalidated)
75 timing metavuln:packument:send Completed in 233ms
76 timing metavuln:load:security-advisory:send:1099525 Completed in 4ms
77 timing metavuln:calculate:security-advisory:send:1099525 Completed in 239ms
78 timing metavuln:cache:get:security-advisory:cookie-parser:sDlhNVhVzHLlr5NOn1oZNoOUuqBS15f8C34c2B5V4HALuMj8x8t0nGF9Ey9QqedEK3SyeRoDDHIIBKbICoF5zA== Completed in 19ms
79 timing metavuln:cache:get:security-advisory:express:wpiLhoazHuPn1BZx3aoZElXRJGtv0L0hAoLu6mSYyQJJZRllThEbX+Zz/Sao2aEUznMvCOKVfYofpLqfRxfcfQ== Completed in 18ms
80 http fetch GET 200 https://registry.npmjs.org/express 65ms (cache revalidated)
81 timing metavuln:packument:express Completed in 80ms
82 timing metavuln:load:security-advisory:express:fiAgy8LdsBPaQEbo7M3TC0K1AVc7Dl69m8P2pmr6RTs1eBYnkyvV6lHHCRB0mAKtL1TSQPXxJVEHOqp48Uvhag== Completed in 9ms
83 timing metavuln:calculate:security-advisory:express:fiAgy8LdsBPaQEbo7M3TC0K1AVc7Dl69m8P2pmr6RTs1eBYnkyvV6lHHCRB0mAKtL1TSQPXxJVEHOqp48Uvhag== Completed in 90ms
84 http fetch GET 200 https://registry.npmjs.org/cookie-parser 106ms (cache revalidated)
85 timing metavuln:packument:cookie-parser Completed in 109ms
86 timing metavuln:load:security-advisory:cookie-parser:fiAgy8LdsBPaQEbo7M3TC0K1AVc7Dl69m8P2pmr6RTs1eBYnkyvV6lHHCRB0mAKtL1TSQPXxJVEHOqp48Uvhag== Completed in 0ms
87 timing metavuln:calculate:security-advisory:cookie-parser:fiAgy8LdsBPaQEbo7M3TC0K1AVc7Dl69m8P2pmr6RTs1eBYnkyvV6lHHCRB0mAKtL1TSQPXxJVEHOqp48Uvhag== Completed in 109ms
88 timing metavuln:cache:get:security-advisory:serve-static:+4ES5L6wOU+n07z1dxXG80UrqDTSPCvHDdGabQr8AKIBUHjLmwOE4rkwa/jvhXc/6NudzDSsLDHTHXsv066Big== Completed in 21ms
89 http fetch GET 200 https://registry.npmjs.org/serve-static 70ms (cache revalidated)
90 timing metavuln:packument:serve-static Completed in 73ms
91 timing metavuln:load:security-advisory:serve-static:OShLTeaftGdoI6AC7xvJ84fklSsg8XN9g5w+pRFqXWtM66RkMgSjQaSgIRFeMMpYy/URhePqWfUgvGta5cUXXw== Completed in 3ms
92 timing metavuln:calculate:security-advisory:serve-static:OShLTeaftGdoI6AC7xvJ84fklSsg8XN9g5w+pRFqXWtM66RkMgSjQaSgIRFeMMpYy/URhePqWfUgvGta5cUXXw== Completed in 77ms
93 timing metavuln:cache:get:security-advisory:express:HLAlpLC3pRJqCmZknFJg3Zhtapwm0OCE7drBr8OQDWVQWpt0AqYzS3L3HqEDMBIwb9cDP8THk5WRRP+EgrZXDw== Completed in 26ms
94 timing metavuln:load:security-advisory:express:+4ES5L6wOU+n07z1dxXG80UrqDTSPCvHDdGabQr8AKIBUHjLmwOE4rkwa/jvhXc/6NudzDSsLDHTHXsv066Big== Completed in 3ms
95 timing metavuln:calculate:security-advisory:express:+4ES5L6wOU+n07z1dxXG80UrqDTSPCvHDdGabQr8AKIBUHjLmwOE4rkwa/jvhXc/6NudzDSsLDHTHXsv066Big== Completed in 30ms
96 timing auditReport:init Completed in 484ms
97 timing reify:audit Completed in 844ms
98 timing reify Completed in 2577ms
99 silly ADD
100 timing command:install Completed in 2684ms
101 verbose exit 0
102 timing npm Completed in 2934ms
103 info ok
