0 verbose cli /usr/bin/node /usr/bin/npm
1 info using npm@9.2.0
2 info using node@v18.19.1
3 timing npm:load:whichnode Completed in 1ms
4 timing config:load:defaults Completed in 3ms
5 timing config:load:file:/usr/share/nodejs/npm/npmrc Completed in 8ms
6 timing config:load:builtin Completed in 8ms
7 timing config:load:cli Completed in 4ms
8 timing config:load:env Completed in 1ms
9 timing config:load:file:/home/ubuntu/food-tracker-fullstack/client/.npmrc Completed in 0ms
10 timing config:load:project Completed in 10ms
11 timing config:load:file:/home/ubuntu/.npmrc Completed in 1ms
12 timing config:load:user Completed in 1ms
13 timing config:load:file:/etc/npmrc Completed in 1ms
14 timing config:load:global Completed in 1ms
15 timing config:load:setEnvs Completed in 2ms
16 timing config:load Completed in 32ms
17 timing npm:load:configload Completed in 32ms
18 timing npm:load:mkdirpcache Completed in 1ms
19 timing npm:load:mkdirplogs Completed in 2ms
20 verbose title npm install
21 verbose argv "install"
22 timing npm:load:setTitle Completed in 2ms
23 timing config:load:flatten Completed in 11ms
24 timing npm:load:display Completed in 13ms
25 verbose logfile logs-max:10 dir:/home/ubuntu/.npm/_logs/2024-11-09T16_02_25_277Z-
26 verbose logfile /home/ubuntu/.npm/_logs/2024-11-09T16_02_25_277Z-debug-0.log
27 timing npm:load:logFile Completed in 12ms
28 timing npm:load:timers Completed in 1ms
29 timing npm:load:configScope Completed in 0ms
30 timing npm:load Completed in 64ms
31 silly logfile done cleaning log files
32 timing config:load:flatten Completed in 1ms
33 timing arborist:ctor Completed in 2ms
34 timing idealTree:init Completed in 513ms
35 timing idealTree:userRequests Completed in 0ms
36 silly idealTree buildDeps
37 timing idealTree:#root Completed in 1ms
38 timing idealTree:buildDeps Completed in 3ms
39 timing idealTree:fixDepFlags Completed in 0ms
40 timing idealTree Completed in 525ms
41 timing arborist:ctor Completed in 1ms
42 timing reify:loadTrees Completed in 945ms
43 timing reify:diffTrees Completed in 15ms
44 silly reify moves {}
45 timing reify:retireShallow Completed in 2ms
46 timing reify:createSparse Completed in 33ms
47 timing reify:loadBundles Completed in 0ms
48 silly audit bulk request {
48 silly audit   '@aashutoshrathi/word-wrap': [ '1.2.6' ],
48 silly audit   '@ampproject/remapping': [ '2.3.0' ],
48 silly audit   '@babel/code-frame': [ '7.24.2' ],
48 silly audit   '@babel/compat-data': [ '7.24.4' ],
48 silly audit   '@babel/core': [ '7.24.4' ],
48 silly audit   '@babel/generator': [ '7.24.4' ],
48 silly audit   '@babel/helper-compilation-targets': [ '7.23.6' ],
48 silly audit   '@babel/helper-environment-visitor': [ '7.22.20' ],
48 silly audit   '@babel/helper-function-name': [ '7.23.0' ],
48 silly audit   '@babel/helper-hoist-variables': [ '7.22.5' ],
48 silly audit   '@babel/helper-module-imports': [ '7.24.3' ],
48 silly audit   '@babel/helper-module-transforms': [ '7.23.3' ],
48 silly audit   '@babel/helper-plugin-utils': [ '7.24.0' ],
48 silly audit   '@babel/helper-simple-access': [ '7.22.5' ],
48 silly audit   '@babel/helper-split-export-declaration': [ '7.22.6' ],
48 silly audit   '@babel/helper-string-parser': [ '7.24.1' ],
48 silly audit   '@babel/helper-validator-identifier': [ '7.22.20' ],
48 silly audit   '@babel/helper-validator-option': [ '7.23.5' ],
48 silly audit   '@babel/helpers': [ '7.24.4' ],
48 silly audit   '@babel/highlight': [ '7.24.2' ],
48 silly audit   '@babel/parser': [ '7.24.4' ],
48 silly audit   '@babel/plugin-transform-react-jsx-self': [ '7.24.1' ],
48 silly audit   '@babel/plugin-transform-react-jsx-source': [ '7.24.1' ],
48 silly audit   '@babel/template': [ '7.24.0' ],
48 silly audit   '@babel/traverse': [ '7.24.1' ],
48 silly audit   '@babel/types': [ '7.24.0' ],
48 silly audit   '@esbuild/aix-ppc64': [ '0.21.5' ],
48 silly audit   '@esbuild/android-arm': [ '0.21.5' ],
48 silly audit   '@esbuild/android-arm64': [ '0.21.5' ],
48 silly audit   '@esbuild/android-x64': [ '0.21.5' ],
48 silly audit   '@esbuild/darwin-arm64': [ '0.21.5' ],
48 silly audit   '@esbuild/darwin-x64': [ '0.21.5' ],
48 silly audit   '@esbuild/freebsd-arm64': [ '0.21.5' ],
48 silly audit   '@esbuild/freebsd-x64': [ '0.21.5' ],
48 silly audit   '@esbuild/linux-arm': [ '0.21.5' ],
48 silly audit   '@esbuild/linux-arm64': [ '0.21.5' ],
48 silly audit   '@esbuild/linux-ia32': [ '0.21.5' ],
48 silly audit   '@esbuild/linux-loong64': [ '0.21.5' ],
48 silly audit   '@esbuild/linux-mips64el': [ '0.21.5' ],
48 silly audit   '@esbuild/linux-ppc64': [ '0.21.5' ],
48 silly audit   '@esbuild/linux-riscv64': [ '0.21.5' ],
48 silly audit   '@esbuild/linux-s390x': [ '0.21.5' ],
48 silly audit   '@esbuild/linux-x64': [ '0.21.5' ],
48 silly audit   '@esbuild/netbsd-x64': [ '0.21.5' ],
48 silly audit   '@esbuild/openbsd-x64': [ '0.21.5' ],
48 silly audit   '@esbuild/sunos-x64': [ '0.21.5' ],
48 silly audit   '@esbuild/win32-arm64': [ '0.21.5' ],
48 silly audit   '@esbuild/win32-ia32': [ '0.21.5' ],
48 silly audit   '@esbuild/win32-x64': [ '0.21.5' ],
48 silly audit   '@eslint-community/eslint-utils': [ '4.4.0' ],
48 silly audit   '@eslint-community/regexpp': [ '4.10.0' ],
48 silly audit   '@eslint/eslintrc': [ '2.1.4' ],
48 silly audit   globals: [ '13.24.0', '11.12.0' ],
48 silly audit   '@eslint/js': [ '8.57.0' ],
48 silly audit   '@humanwhocodes/config-array': [ '0.11.14' ],
48 silly audit   '@humanwhocodes/module-importer': [ '1.0.1' ],
48 silly audit   '@humanwhocodes/object-schema': [ '2.0.3' ],
48 silly audit   '@jridgewell/gen-mapping': [ '0.3.5' ],
48 silly audit   '@jridgewell/resolve-uri': [ '3.1.2' ],
48 silly audit   '@jridgewell/set-array': [ '1.2.1' ],
48 silly audit   '@jridgewell/sourcemap-codec': [ '1.4.15' ],
48 silly audit   '@jridgewell/trace-mapping': [ '0.3.25' ],
48 silly audit   '@nodelib/fs.scandir': [ '2.1.5' ],
48 silly audit   '@nodelib/fs.stat': [ '2.0.5' ],
48 silly audit   '@nodelib/fs.walk': [ '1.2.8' ],
48 silly audit   '@remix-run/router': [ '1.19.0' ],
48 silly audit   '@rollup/rollup-android-arm-eabi': [ '4.22.4' ],
48 silly audit   '@rollup/rollup-android-arm64': [ '4.22.4' ],
48 silly audit   '@rollup/rollup-darwin-arm64': [ '4.22.4' ],
48 silly audit   '@rollup/rollup-darwin-x64': [ '4.22.4' ],
48 silly audit   '@rollup/rollup-linux-arm-gnueabihf': [ '4.22.4' ],
48 silly audit   '@rollup/rollup-linux-arm-musleabihf': [ '4.22.4' ],
48 silly audit   '@rollup/rollup-linux-arm64-gnu': [ '4.22.4' ],
48 silly audit   '@rollup/rollup-linux-arm64-musl': [ '4.22.4' ],
48 silly audit   '@rollup/rollup-linux-powerpc64le-gnu': [ '4.22.4' ],
48 silly audit   '@rollup/rollup-linux-riscv64-gnu': [ '4.22.4' ],
48 silly audit   '@rollup/rollup-linux-s390x-gnu': [ '4.22.4' ],
48 silly audit   '@rollup/rollup-linux-x64-gnu': [ '4.22.4' ],
48 silly audit   '@rollup/rollup-linux-x64-musl': [ '4.22.4' ],
48 silly audit   '@rollup/rollup-win32-arm64-msvc': [ '4.22.4' ],
48 silly audit   '@rollup/rollup-win32-ia32-msvc': [ '4.22.4' ],
48 silly audit   '@rollup/rollup-win32-x64-msvc': [ '4.22.4' ],
48 silly audit   '@types/babel__core': [ '7.20.5' ],
48 silly audit   '@types/babel__generator': [ '7.6.8' ],
48 silly audit   '@types/babel__template': [ '7.4.4' ],
48 silly audit   '@types/babel__traverse': [ '7.20.5' ],
48 silly audit   '@types/estree': [ '1.0.5' ],
48 silly audit   '@types/http-proxy': [ '1.17.14' ],
48 silly audit   '@types/node': [ '20.12.10' ],
48 silly audit   '@types/prop-types': [ '15.7.12' ],
48 silly audit   '@types/react': [ '18.2.78' ],
48 silly audit   '@types/react-dom': [ '18.2.25' ],
48 silly audit   '@ungap/structured-clone': [ '1.2.0' ],
48 silly audit   '@vitejs/plugin-react': [ '4.2.1' ],
48 silly audit   acorn: [ '8.11.3' ],
48 silly audit   'acorn-jsx': [ '5.3.2' ],
48 silly audit   ajv: [ '6.12.6' ],
48 silly audit   'ansi-regex': [ '5.0.1' ],
48 silly audit   'ansi-styles': [ '3.2.1', '4.3.0' ],
48 silly audit   argparse: [ '2.0.1' ],
48 silly audit   'array-buffer-byte-length': [ '1.0.1' ],
48 silly audit   'array-includes': [ '3.1.8' ],
48 silly audit   'array.prototype.findlast': [ '1.2.5' ],
48 silly audit   'array.prototype.flat': [ '1.3.2' ],
48 silly audit   'array.prototype.flatmap': [ '1.3.2' ],
48 silly audit   'array.prototype.toreversed': [ '1.1.2' ],
48 silly audit   'array.prototype.tosorted': [ '1.1.3' ],
48 silly audit   'arraybuffer.prototype.slice': [ '1.0.3' ],
48 silly audit   asynckit: [ '0.4.0' ],
48 silly audit   'available-typed-arrays': [ '1.0.7' ],
48 silly audit   axios: [ '1.7.4' ],
48 silly audit   'balanced-match': [ '1.0.2' ],
48 silly audit   'brace-expansion': [ '1.1.11' ],
48 silly audit   braces: [ '3.0.3' ],
48 silly audit   browserslist: [ '4.23.0' ],
48 silly audit   'call-bind': [ '1.0.7' ],
48 silly audit   callsites: [ '3.1.0' ],
48 silly audit   'caniuse-lite': [ '1.0.30001610' ],
48 silly audit   chalk: [ '2.4.2', '4.1.2' ],
48 silly audit   'color-convert': [ '1.9.3', '2.0.1' ],
48 silly audit   'color-name': [ '1.1.3', '1.1.4' ],
48 silly audit   'combined-stream': [ '1.0.8' ],
48 silly audit   'concat-map': [ '0.0.1' ],
48 silly audit   'convert-source-map': [ '2.0.0' ],
48 silly audit   'cross-spawn': [ '7.0.3' ],
48 silly audit   csstype: [ '3.1.3' ],
48 silly audit   'data-view-buffer': [ '1.0.1' ],
48 silly audit   'data-view-byte-length': [ '1.0.1' ],
48 silly audit   'data-view-byte-offset': [ '1.0.0' ],
48 silly audit   debug: [ '4.3.4' ],
48 silly audit   'deep-is': [ '0.1.4' ],
48 silly audit   'define-data-property': [ '1.1.4' ],
48 silly audit   'define-properties': [ '1.2.1' ],
48 silly audit   'delayed-stream': [ '1.0.0' ],
48 silly audit   doctrine: [ '3.0.0', '2.1.0' ],
48 silly audit   dotenv: [ '16.4.5' ],
48 silly audit   'electron-to-chromium': [ '1.4.736' ],
48 silly audit   'es-abstract': [ '1.23.3' ],
48 silly audit   'es-define-property': [ '1.0.0' ],
48 silly audit   'es-errors': [ '1.3.0' ],
48 silly audit   'es-iterator-helpers': [ '1.0.18' ],
48 silly audit   'es-object-atoms': [ '1.0.0' ],
48 silly audit   'es-set-tostringtag': [ '2.0.3' ],
48 silly audit   'es-shim-unscopables': [ '1.0.2' ],
48 silly audit   'es-to-primitive': [ '1.2.1' ],
48 silly audit   esbuild: [ '0.21.5' ],
48 silly audit   escalade: [ '3.1.2' ],
48 silly audit   'escape-string-regexp': [ '1.0.5', '4.0.0' ],
48 silly audit   eslint: [ '8.57.0' ],
48 silly audit   'eslint-plugin-react': [ '7.34.1' ],
48 silly audit   'eslint-plugin-react-hooks': [ '4.6.0' ],
48 silly audit   'eslint-plugin-react-refresh': [ '0.4.6' ],
48 silly audit   'eslint-scope': [ '7.2.2' ],
48 silly audit   'eslint-visitor-keys': [ '3.4.3' ],
48 silly audit   'has-flag': [ '4.0.0', '3.0.0' ],
48 silly audit   'supports-color': [ '7.2.0', '5.5.0' ],
48 silly audit   espree: [ '9.6.1' ],
48 silly audit   esquery: [ '1.5.0' ],
48 silly audit   esrecurse: [ '4.3.0' ],
48 silly audit   estraverse: [ '5.3.0' ],
48 silly audit   esutils: [ '2.0.3' ],
48 silly audit   eventemitter3: [ '4.0.7' ],
48 silly audit   'fast-deep-equal': [ '3.1.3' ],
48 silly audit   'fast-json-stable-stringify': [ '2.1.0' ],
48 silly audit   'fast-levenshtein': [ '2.0.6' ],
48 silly audit   fastq: [ '1.17.1' ],
48 silly audit   'file-entry-cache': [ '6.0.1' ],
48 silly audit   'fill-range': [ '7.1.1' ],
48 silly audit   'find-up': [ '5.0.0' ],
48 silly audit   'flat-cache': [ '3.2.0' ],
48 silly audit   flatted: [ '3.3.1' ],
48 silly audit   'follow-redirects': [ '1.15.6' ],
48 silly audit   'for-each': [ '0.3.3' ],
48 silly audit   'form-data': [ '4.0.0' ],
48 silly audit   'fs.realpath': [ '1.0.0' ],
48 silly audit   fsevents: [ '2.3.3' ],
48 silly audit   'function-bind': [ '1.1.2' ],
48 silly audit   'function.prototype.name': [ '1.1.6' ],
48 silly audit   'functions-have-names': [ '1.2.3' ],
48 silly audit   gensync: [ '1.0.0-beta.2' ],
48 silly audit   'get-intrinsic': [ '1.2.4' ],
48 silly audit   'get-symbol-description': [ '1.0.2' ],
48 silly audit   glob: [ '7.2.3' ],
48 silly audit   'glob-parent': [ '6.0.2' ],
48 silly audit   globalthis: [ '1.0.3' ],
48 silly audit   gopd: [ '1.0.1' ],
48 silly audit   graphemer: [ '1.4.0' ],
48 silly audit   'has-bigints': [ '1.0.2' ],
48 silly audit   'has-property-descriptors': [ '1.0.2' ],
48 silly audit   'has-proto': [ '1.0.3' ],
48 silly audit   'has-symbols': [ '1.0.3' ],
48 silly audit   'has-tostringtag': [ '1.0.2' ],
48 silly audit   hasown: [ '2.0.2' ],
48 silly audit   'http-proxy': [ '1.18.1' ],
48 silly audit   'http-proxy-middleware': [ '3.0.0' ],
48 silly audit   ignore: [ '5.3.1' ],
48 silly audit   'import-fresh': [ '3.3.0' ],
48 silly audit   imurmurhash: [ '0.1.4' ],
48 silly audit   inflight: [ '1.0.6' ],
48 silly audit   inherits: [ '2.0.4' ],
48 silly audit   'internal-slot': [ '1.0.7' ],
48 silly audit   'is-array-buffer': [ '3.0.4' ],
48 silly audit   'is-async-function': [ '2.0.0' ],
48 silly audit   'is-bigint': [ '1.0.4' ],
48 silly audit   'is-boolean-object': [ '1.1.2' ],
48 silly audit   'is-callable': [ '1.2.7' ],
48 silly audit   'is-core-module': [ '2.13.1' ],
48 silly audit   'is-data-view': [ '1.0.1' ],
48 silly audit   'is-date-object': [ '1.0.5' ],
48 silly audit   'is-extglob': [ '2.1.1' ],
48 silly audit   'is-finalizationregistry': [ '1.0.2' ],
48 silly audit   'is-generator-function': [ '1.0.10' ],
48 silly audit   'is-glob': [ '4.0.3' ],
48 silly audit   'is-map': [ '2.0.3' ],
48 silly audit   'is-negative-zero': [ '2.0.3' ],
48 silly audit   'is-number': [ '7.0.0' ],
48 silly audit   'is-number-object': [ '1.0.7' ],
48 silly audit   'is-path-inside': [ '3.0.3' ],
48 silly audit   'is-plain-obj': [ '3.0.0' ],
48 silly audit   'is-regex': [ '1.1.4' ],
48 silly audit   'is-set': [ '2.0.3' ],
48 silly audit   'is-shared-array-buffer': [ '1.0.3' ],
48 silly audit   'is-string': [ '1.0.7' ],
48 silly audit   'is-symbol': [ '1.0.4' ],
48 silly audit   'is-typed-array': [ '1.1.13' ],
48 silly audit   'is-weakmap': [ '2.0.2' ],
48 silly audit   'is-weakref': [ '1.0.2' ],
48 silly audit   'is-weakset': [ '2.0.3' ],
48 silly audit   isarray: [ '2.0.5' ],
48 silly audit   isexe: [ '2.0.0' ],
48 silly audit   'iterator.prototype': [ '1.1.2' ],
48 silly audit   'js-tokens': [ '4.0.0' ],
48 silly audit   'js-yaml': [ '4.1.0' ],
48 silly audit   jsesc: [ '2.5.2' ],
48 silly audit   'json-buffer': [ '3.0.1' ],
48 silly audit   'json-schema-traverse': [ '0.4.1' ],
48 silly audit   'json-stable-stringify-without-jsonify': [ '1.0.1' ],
48 silly audit   json5: [ '2.2.3' ],
48 silly audit   'jsx-ast-utils': [ '3.3.5' ],
48 silly audit   keyv: [ '4.5.4' ],
48 silly audit   levn: [ '0.4.1' ],
48 silly audit   'locate-path': [ '6.0.0' ],
48 silly audit   'lodash.merge': [ '4.6.2' ],
48 silly audit   'loose-envify': [ '1.4.0' ],
48 silly audit   'lru-cache': [ '5.1.1' ],
48 silly audit   luxon: [ '3.5.0' ],
48 silly audit   micromatch: [ '4.0.8' ],
48 silly audit   'mime-db': [ '1.52.0' ],
48 silly audit   'mime-types': [ '2.1.35' ],
48 silly audit   minimatch: [ '3.1.2' ],
48 silly audit   ms: [ '2.1.2' ],
48 silly audit   nanoid: [ '3.3.7' ],
48 silly audit   'natural-compare': [ '1.4.0' ],
48 silly audit   'node-releases': [ '2.0.14' ],
48 silly audit   'object-assign': [ '4.1.1' ],
48 silly audit   'object-inspect': [ '1.13.1' ],
48 silly audit   'object-keys': [ '1.1.1' ],
48 silly audit   'object.assign': [ '4.1.5' ],
48 silly audit   'object.entries': [ '1.1.8' ],
48 silly audit   'object.fromentries': [ '2.0.8' ],
48 silly audit   'object.hasown': [ '1.1.4' ],
48 silly audit   'object.values': [ '1.2.0' ],
48 silly audit   once: [ '1.4.0' ],
48 silly audit   optionator: [ '0.9.3' ],
48 silly audit   'p-limit': [ '3.1.0' ],
48 silly audit   'p-locate': [ '5.0.0' ],
48 silly audit   'parent-module': [ '1.0.1' ],
48 silly audit   'path-exists': [ '4.0.0' ],
48 silly audit   'path-is-absolute': [ '1.0.1' ],
48 silly audit   'path-key': [ '3.1.1' ],
48 silly audit   'path-parse': [ '1.0.7' ],
48 silly audit   picocolors: [ '1.1.0' ],
48 silly audit   picomatch: [ '2.3.1' ],
48 silly audit   'possible-typed-array-names': [ '1.0.0' ],
48 silly audit   postcss: [ '8.4.47' ],
48 silly audit   'prelude-ls': [ '1.2.1' ],
48 silly audit   'prop-types': [ '15.8.1' ],
48 silly audit   'proxy-from-env': [ '1.1.0' ],
48 silly audit   punycode: [ '2.3.1' ],
48 silly audit   'queue-microtask': [ '1.2.3' ],
48 silly audit   react: [ '18.2.0' ],
48 silly audit   'react-dom': [ '18.2.0' ],
48 silly audit   'react-is': [ '16.13.1' ],
48 silly audit   'react-refresh': [ '0.14.0' ],
48 silly audit   'react-router': [ '6.26.0' ],
48 silly audit   'react-router-dom': [ '6.26.0' ],
48 silly audit   'reflect.getprototypeof': [ '1.0.6' ],
48 silly audit   'regexp.prototype.flags': [ '1.5.2' ],
48 silly audit   'requires-port': [ '1.0.0' ],
48 silly audit   resolve: [ '2.0.0-next.5' ],
48 silly audit   'resolve-from': [ '4.0.0' ],
48 silly audit   reusify: [ '1.0.4' ],
48 silly audit   rimraf: [ '3.0.2' ],
48 silly audit   rollup: [ '4.22.4' ],
48 silly audit   'run-parallel': [ '1.2.0' ],
48 silly audit   'safe-array-concat': [ '1.1.2' ],
48 silly audit   'safe-regex-test': [ '1.0.3' ],
48 silly audit   scheduler: [ '0.23.0' ],
48 silly audit   semver: [ '6.3.1' ],
48 silly audit   'set-function-length': [ '1.2.2' ],
48 silly audit   'set-function-name': [ '2.0.2' ],
48 silly audit   'shebang-command': [ '2.0.0' ],
48 silly audit   'shebang-regex': [ '3.0.0' ],
48 silly audit   'side-channel': [ '1.0.6' ],
48 silly audit   'source-map-js': [ '1.2.1' ],
48 silly audit   'string.prototype.matchall': [ '4.0.11' ],
48 silly audit   'string.prototype.trim': [ '1.2.9' ],
48 silly audit   'string.prototype.trimend': [ '1.0.8' ],
48 silly audit   'string.prototype.trimstart': [ '1.0.8' ],
48 silly audit   'strip-ansi': [ '6.0.1' ],
48 silly audit   'strip-json-comments': [ '3.1.1' ],
48 silly audit   'supports-preserve-symlinks-flag': [ '1.0.0' ],
48 silly audit   'text-table': [ '0.2.0' ],
48 silly audit   'to-fast-properties': [ '2.0.0' ],
48 silly audit   'to-regex-range': [ '5.0.1' ],
48 silly audit   'type-check': [ '0.4.0' ],
48 silly audit   'type-fest': [ '0.20.2' ],
48 silly audit   'typed-array-buffer': [ '1.0.2' ],
48 silly audit   'typed-array-byte-length': [ '1.0.1' ],
48 silly audit   'typed-array-byte-offset': [ '1.0.2' ],
48 silly audit   'typed-array-length': [ '1.0.6' ],
48 silly audit   'unbox-primitive': [ '1.0.2' ],
48 silly audit   'undici-types': [ '5.26.5' ],
48 silly audit   'update-browserslist-db': [ '1.0.13' ],
48 silly audit   'uri-js': [ '4.4.1' ],
48 silly audit   vite: [ '5.4.8' ],
48 silly audit   which: [ '2.0.2' ],
48 silly audit   'which-boxed-primitive': [ '1.0.2' ],
48 silly audit   'which-builtin-type': [ '1.1.3' ],
48 silly audit   'which-collection': [ '1.0.2' ],
48 silly audit   'which-typed-array': [ '1.1.15' ],
48 silly audit   wrappy: [ '1.0.2' ],
48 silly audit   yallist: [ '3.1.1' ],
48 silly audit   'yocto-queue': [ '0.1.0' ]
48 silly audit }
49 verbose reify failed optional dependency /home/ubuntu/food-tracker-fullstack/client/node_modules/fsevents
50 silly reify mark deleted [ '/home/ubuntu/food-tracker-fullstack/client/node_modules/fsevents' ]
51 verbose reify failed optional dependency /home/ubuntu/food-tracker-fullstack/client/node_modules/@rollup/rollup-win32-x64-msvc
52 silly reify mark deleted [
52 silly reify   '/home/ubuntu/food-tracker-fullstack/client/node_modules/@rollup/rollup-win32-x64-msvc'
52 silly reify ]
53 verbose reify failed optional dependency /home/ubuntu/food-tracker-fullstack/client/node_modules/@rollup/rollup-win32-ia32-msvc
54 silly reify mark deleted [
54 silly reify   '/home/ubuntu/food-tracker-fullstack/client/node_modules/@rollup/rollup-win32-ia32-msvc'
54 silly reify ]
55 verbose reify failed optional dependency /home/ubuntu/food-tracker-fullstack/client/node_modules/@rollup/rollup-win32-arm64-msvc
56 silly reify mark deleted [
56 silly reify   '/home/ubuntu/food-tracker-fullstack/client/node_modules/@rollup/rollup-win32-arm64-msvc'
56 silly reify ]
57 verbose reify failed optional dependency /home/ubuntu/food-tracker-fullstack/client/node_modules/@rollup/rollup-linux-s390x-gnu
58 silly reify mark deleted [
58 silly reify   '/home/ubuntu/food-tracker-fullstack/client/node_modules/@rollup/rollup-linux-s390x-gnu'
58 silly reify ]
59 verbose reify failed optional dependency /home/ubuntu/food-tracker-fullstack/client/node_modules/@rollup/rollup-linux-riscv64-gnu
60 silly reify mark deleted [
60 silly reify   '/home/ubuntu/food-tracker-fullstack/client/node_modules/@rollup/rollup-linux-riscv64-gnu'
60 silly reify ]
61 verbose reify failed optional dependency /home/ubuntu/food-tracker-fullstack/client/node_modules/@rollup/rollup-linux-powerpc64le-gnu
62 silly reify mark deleted [
62 silly reify   '/home/ubuntu/food-tracker-fullstack/client/node_modules/@rollup/rollup-linux-powerpc64le-gnu'
62 silly reify ]
63 verbose reify failed optional dependency /home/ubuntu/food-tracker-fullstack/client/node_modules/@rollup/rollup-linux-arm64-musl
64 silly reify mark deleted [
64 silly reify   '/home/ubuntu/food-tracker-fullstack/client/node_modules/@rollup/rollup-linux-arm64-musl'
64 silly reify ]
65 verbose reify failed optional dependency /home/ubuntu/food-tracker-fullstack/client/node_modules/@rollup/rollup-linux-arm64-gnu
66 silly reify mark deleted [
66 silly reify   '/home/ubuntu/food-tracker-fullstack/client/node_modules/@rollup/rollup-linux-arm64-gnu'
66 silly reify ]
67 verbose reify failed optional dependency /home/ubuntu/food-tracker-fullstack/client/node_modules/@rollup/rollup-linux-arm-musleabihf
68 silly reify mark deleted [
68 silly reify   '/home/ubuntu/food-tracker-fullstack/client/node_modules/@rollup/rollup-linux-arm-musleabihf'
68 silly reify ]
69 verbose reify failed optional dependency /home/ubuntu/food-tracker-fullstack/client/node_modules/@rollup/rollup-linux-arm-gnueabihf
70 silly reify mark deleted [
70 silly reify   '/home/ubuntu/food-tracker-fullstack/client/node_modules/@rollup/rollup-linux-arm-gnueabihf'
70 silly reify ]
71 verbose reify failed optional dependency /home/ubuntu/food-tracker-fullstack/client/node_modules/@rollup/rollup-darwin-x64
72 silly reify mark deleted [
72 silly reify   '/home/ubuntu/food-tracker-fullstack/client/node_modules/@rollup/rollup-darwin-x64'
72 silly reify ]
73 verbose reify failed optional dependency /home/ubuntu/food-tracker-fullstack/client/node_modules/@rollup/rollup-darwin-arm64
74 silly reify mark deleted [
74 silly reify   '/home/ubuntu/food-tracker-fullstack/client/node_modules/@rollup/rollup-darwin-arm64'
74 silly reify ]
75 verbose reify failed optional dependency /home/ubuntu/food-tracker-fullstack/client/node_modules/@rollup/rollup-android-arm64
76 silly reify mark deleted [
76 silly reify   '/home/ubuntu/food-tracker-fullstack/client/node_modules/@rollup/rollup-android-arm64'
76 silly reify ]
77 verbose reify failed optional dependency /home/ubuntu/food-tracker-fullstack/client/node_modules/@rollup/rollup-android-arm-eabi
78 silly reify mark deleted [
78 silly reify   '/home/ubuntu/food-tracker-fullstack/client/node_modules/@rollup/rollup-android-arm-eabi'
78 silly reify ]
79 verbose reify failed optional dependency /home/ubuntu/food-tracker-fullstack/client/node_modules/@esbuild/win32-x64
80 silly reify mark deleted [
80 silly reify   '/home/ubuntu/food-tracker-fullstack/client/node_modules/@esbuild/win32-x64'
80 silly reify ]
81 verbose reify failed optional dependency /home/ubuntu/food-tracker-fullstack/client/node_modules/@esbuild/win32-ia32
82 silly reify mark deleted [
82 silly reify   '/home/ubuntu/food-tracker-fullstack/client/node_modules/@esbuild/win32-ia32'
82 silly reify ]
83 verbose reify failed optional dependency /home/ubuntu/food-tracker-fullstack/client/node_modules/@esbuild/win32-arm64
84 silly reify mark deleted [
84 silly reify   '/home/ubuntu/food-tracker-fullstack/client/node_modules/@esbuild/win32-arm64'
84 silly reify ]
85 verbose reify failed optional dependency /home/ubuntu/food-tracker-fullstack/client/node_modules/@esbuild/sunos-x64
86 silly reify mark deleted [
86 silly reify   '/home/ubuntu/food-tracker-fullstack/client/node_modules/@esbuild/sunos-x64'
86 silly reify ]
87 verbose reify failed optional dependency /home/ubuntu/food-tracker-fullstack/client/node_modules/@esbuild/openbsd-x64
88 silly reify mark deleted [
88 silly reify   '/home/ubuntu/food-tracker-fullstack/client/node_modules/@esbuild/openbsd-x64'
88 silly reify ]
89 verbose reify failed optional dependency /home/ubuntu/food-tracker-fullstack/client/node_modules/@esbuild/netbsd-x64
90 silly reify mark deleted [
90 silly reify   '/home/ubuntu/food-tracker-fullstack/client/node_modules/@esbuild/netbsd-x64'
90 silly reify ]
91 verbose reify failed optional dependency /home/ubuntu/food-tracker-fullstack/client/node_modules/@esbuild/linux-s390x
92 silly reify mark deleted [
92 silly reify   '/home/ubuntu/food-tracker-fullstack/client/node_modules/@esbuild/linux-s390x'
92 silly reify ]
93 verbose reify failed optional dependency /home/ubuntu/food-tracker-fullstack/client/node_modules/@esbuild/linux-riscv64
94 silly reify mark deleted [
94 silly reify   '/home/ubuntu/food-tracker-fullstack/client/node_modules/@esbuild/linux-riscv64'
94 silly reify ]
95 verbose reify failed optional dependency /home/ubuntu/food-tracker-fullstack/client/node_modules/@esbuild/linux-ppc64
96 silly reify mark deleted [
96 silly reify   '/home/ubuntu/food-tracker-fullstack/client/node_modules/@esbuild/linux-ppc64'
96 silly reify ]
97 verbose reify failed optional dependency /home/ubuntu/food-tracker-fullstack/client/node_modules/@esbuild/linux-mips64el
98 silly reify mark deleted [
98 silly reify   '/home/ubuntu/food-tracker-fullstack/client/node_modules/@esbuild/linux-mips64el'
98 silly reify ]
99 verbose reify failed optional dependency /home/ubuntu/food-tracker-fullstack/client/node_modules/@esbuild/linux-loong64
100 silly reify mark deleted [
100 silly reify   '/home/ubuntu/food-tracker-fullstack/client/node_modules/@esbuild/linux-loong64'
100 silly reify ]
101 verbose reify failed optional dependency /home/ubuntu/food-tracker-fullstack/client/node_modules/@esbuild/linux-ia32
102 silly reify mark deleted [
102 silly reify   '/home/ubuntu/food-tracker-fullstack/client/node_modules/@esbuild/linux-ia32'
102 silly reify ]
103 verbose reify failed optional dependency /home/ubuntu/food-tracker-fullstack/client/node_modules/@esbuild/linux-arm64
104 silly reify mark deleted [
104 silly reify   '/home/ubuntu/food-tracker-fullstack/client/node_modules/@esbuild/linux-arm64'
104 silly reify ]
105 verbose reify failed optional dependency /home/ubuntu/food-tracker-fullstack/client/node_modules/@esbuild/linux-arm
106 silly reify mark deleted [
106 silly reify   '/home/ubuntu/food-tracker-fullstack/client/node_modules/@esbuild/linux-arm'
106 silly reify ]
107 verbose reify failed optional dependency /home/ubuntu/food-tracker-fullstack/client/node_modules/@esbuild/freebsd-x64
108 silly reify mark deleted [
108 silly reify   '/home/ubuntu/food-tracker-fullstack/client/node_modules/@esbuild/freebsd-x64'
108 silly reify ]
109 verbose reify failed optional dependency /home/ubuntu/food-tracker-fullstack/client/node_modules/@esbuild/freebsd-arm64
110 silly reify mark deleted [
110 silly reify   '/home/ubuntu/food-tracker-fullstack/client/node_modules/@esbuild/freebsd-arm64'
110 silly reify ]
111 verbose reify failed optional dependency /home/ubuntu/food-tracker-fullstack/client/node_modules/@esbuild/darwin-x64
112 silly reify mark deleted [
112 silly reify   '/home/ubuntu/food-tracker-fullstack/client/node_modules/@esbuild/darwin-x64'
112 silly reify ]
113 verbose reify failed optional dependency /home/ubuntu/food-tracker-fullstack/client/node_modules/@esbuild/darwin-arm64
114 silly reify mark deleted [
114 silly reify   '/home/ubuntu/food-tracker-fullstack/client/node_modules/@esbuild/darwin-arm64'
114 silly reify ]
115 verbose reify failed optional dependency /home/ubuntu/food-tracker-fullstack/client/node_modules/@esbuild/android-x64
116 silly reify mark deleted [
116 silly reify   '/home/ubuntu/food-tracker-fullstack/client/node_modules/@esbuild/android-x64'
116 silly reify ]
117 verbose reify failed optional dependency /home/ubuntu/food-tracker-fullstack/client/node_modules/@esbuild/android-arm64
118 silly reify mark deleted [
118 silly reify   '/home/ubuntu/food-tracker-fullstack/client/node_modules/@esbuild/android-arm64'
118 silly reify ]
119 verbose reify failed optional dependency /home/ubuntu/food-tracker-fullstack/client/node_modules/@esbuild/android-arm
120 silly reify mark deleted [
120 silly reify   '/home/ubuntu/food-tracker-fullstack/client/node_modules/@esbuild/android-arm'
120 silly reify ]
121 verbose reify failed optional dependency /home/ubuntu/food-tracker-fullstack/client/node_modules/@esbuild/aix-ppc64
122 silly reify mark deleted [
122 silly reify   '/home/ubuntu/food-tracker-fullstack/client/node_modules/@esbuild/aix-ppc64'
122 silly reify ]
123 timing reifyNode:node_modules/fsevents Completed in 94ms
124 timing reifyNode:node_modules/@rollup/rollup-win32-x64-msvc Completed in 93ms
125 timing reifyNode:node_modules/@rollup/rollup-win32-ia32-msvc Completed in 93ms
126 timing reifyNode:node_modules/@rollup/rollup-win32-arm64-msvc Completed in 93ms
127 timing reifyNode:node_modules/@rollup/rollup-linux-s390x-gnu Completed in 92ms
128 timing reifyNode:node_modules/@rollup/rollup-linux-riscv64-gnu Completed in 92ms
129 timing reifyNode:node_modules/@rollup/rollup-linux-powerpc64le-gnu Completed in 92ms
130 timing reifyNode:node_modules/@rollup/rollup-linux-arm64-musl Completed in 93ms
131 timing reifyNode:node_modules/@rollup/rollup-linux-arm64-gnu Completed in 92ms
132 timing reifyNode:node_modules/@rollup/rollup-linux-arm-musleabihf Completed in 92ms
133 timing reifyNode:node_modules/@rollup/rollup-linux-arm-gnueabihf Completed in 92ms
134 timing reifyNode:node_modules/@rollup/rollup-darwin-x64 Completed in 92ms
135 timing reifyNode:node_modules/@rollup/rollup-darwin-arm64 Completed in 91ms
136 timing reifyNode:node_modules/@rollup/rollup-android-arm64 Completed in 91ms
137 timing reifyNode:node_modules/@rollup/rollup-android-arm-eabi Completed in 91ms
138 timing reifyNode:node_modules/@esbuild/win32-x64 Completed in 91ms
139 timing reifyNode:node_modules/@esbuild/win32-ia32 Completed in 91ms
140 timing reifyNode:node_modules/@esbuild/win32-arm64 Completed in 91ms
141 timing reifyNode:node_modules/@esbuild/sunos-x64 Completed in 90ms
142 timing reifyNode:node_modules/@esbuild/openbsd-x64 Completed in 91ms
143 timing reifyNode:node_modules/@esbuild/netbsd-x64 Completed in 91ms
144 timing reifyNode:node_modules/@esbuild/linux-s390x Completed in 91ms
145 timing reifyNode:node_modules/@esbuild/linux-riscv64 Completed in 91ms
146 timing reifyNode:node_modules/@esbuild/linux-ppc64 Completed in 91ms
147 timing reifyNode:node_modules/@esbuild/linux-mips64el Completed in 90ms
148 timing reifyNode:node_modules/@esbuild/linux-loong64 Completed in 90ms
149 timing reifyNode:node_modules/@esbuild/linux-ia32 Completed in 90ms
150 timing reifyNode:node_modules/@esbuild/linux-arm64 Completed in 90ms
151 timing reifyNode:node_modules/@esbuild/linux-arm Completed in 90ms
152 timing reifyNode:node_modules/@esbuild/freebsd-x64 Completed in 90ms
153 timing reifyNode:node_modules/@esbuild/freebsd-arm64 Completed in 89ms
154 timing reifyNode:node_modules/@esbuild/darwin-x64 Completed in 89ms
155 timing reifyNode:node_modules/@esbuild/darwin-arm64 Completed in 90ms
156 timing reifyNode:node_modules/@esbuild/android-x64 Completed in 90ms
157 timing reifyNode:node_modules/@esbuild/android-arm64 Completed in 90ms
158 timing reifyNode:node_modules/@esbuild/android-arm Completed in 90ms
159 timing reifyNode:node_modules/@esbuild/aix-ppc64 Completed in 89ms
160 timing reify:unpack Completed in 97ms
161 timing reify:unretire Completed in 0ms
162 timing build:queue Completed in 18ms
163 timing build:deps Completed in 18ms
164 timing build Completed in 20ms
165 timing reify:build Completed in 20ms
166 timing reify:trash Completed in 26ms
167 http fetch POST 200 https://registry.npmjs.org/-/npm/v1/security/advisories/bulk 345ms
168 timing auditReport:getReport Completed in 356ms
169 silly audit report {
169 silly audit report   'http-proxy-middleware': [
169 silly audit report     {
169 silly audit report       id: 1100222,
169 silly audit report       url: 'https://github.com/advisories/GHSA-c7qv-q95q-8v27',
169 silly audit report       title: 'Denial of service in http-proxy-middleware',
169 silly audit report       severity: 'high',
169 silly audit report       vulnerable_versions: '>=3.0.0 <3.0.3',
169 silly audit report       cwe: [Array],
169 silly audit report       cvss: [Object]
169 silly audit report     }
169 silly audit report   ]
169 silly audit report }
170 timing reify:save Completed in 207ms
171 timing metavuln:cache:get:security-advisory:http-proxy-middleware:87rJVw5dVrUt4DYZWPc5z2dqHMAhfePy4Dv9Yvd4kywfYckVtRUeIwhcZZ7QVXPsAyQTV8+Du2+2xaCx5O9VeQ== Completed in 90ms
172 http fetch GET 200 https://registry.npmjs.org/http-proxy-middleware 157ms (cache revalidated)
173 timing metavuln:packument:http-proxy-middleware Completed in 165ms
174 timing metavuln:load:security-advisory:http-proxy-middleware:1100222 Completed in 3ms
175 timing metavuln:calculate:security-advisory:http-proxy-middleware:1100222 Completed in 171ms
176 timing auditReport:init Completed in 176ms
177 timing reify:audit Completed in 535ms
178 timing reify Completed in 1544ms
179 silly ADD
180 silly ADD
181 silly ADD
182 silly ADD
183 silly ADD
184 silly ADD
185 silly ADD
186 silly ADD
187 silly ADD
188 silly ADD
189 silly ADD
190 silly ADD
191 silly ADD
192 silly ADD
193 silly ADD
194 silly ADD
195 silly ADD
196 silly ADD
197 silly ADD
198 silly ADD
199 silly ADD
200 silly ADD
201 silly ADD
202 silly ADD
203 silly ADD
204 silly ADD
205 silly ADD
206 silly ADD
207 silly ADD
208 silly ADD
209 silly ADD
210 silly ADD
211 silly ADD
212 silly ADD
213 silly ADD
214 silly ADD
215 silly ADD
216 timing command:install Completed in 1574ms
217 verbose exit 0
218 timing npm Completed in 1666ms
219 info ok
