0 verbose cli /usr/bin/node /usr/local/lib/node_modules/pm2/lib/ProcessContainerFork.js
1 info using npm@9.2.0
2 info using node@v18.19.1
3 timing npm:load:whichnode Completed in 1ms
4 timing config:load:defaults Completed in 15ms
5 timing config:load:file:/usr/share/nodejs/npm/npmrc Completed in 75ms
6 timing config:load:builtin Completed in 76ms
7 timing config:load:cli Completed in 9ms
8 timing config:load:env Completed in 4ms
9 timing config:load:file:/home/ubuntu/food-tracker-fullstack/.npmrc Completed in 2ms
10 timing config:load:project Completed in 30ms
11 timing config:load:file:/home/ubuntu/.npmrc Completed in 10ms
12 timing config:load:user Completed in 10ms
13 timing config:load:file:/etc/npmrc Completed in 5ms
14 timing config:load:global Completed in 6ms
15 timing config:load:setEnvs Completed in 8ms
16 timing config:load Completed in 162ms
17 timing npm:load:configload Completed in 162ms
18 timing npm:load:mkdirpcache Completed in 8ms
19 timing npm:load:mkdirplogs Completed in 12ms
20 verbose title npm run start
21 verbose argv "run" "start"
22 timing npm:load:setTitle Completed in 5ms
23 timing config:load:flatten Completed in 30ms
24 timing npm:load:display Completed in 39ms
25 verbose logfile logs-max:10 dir:/home/ubuntu/.npm/_logs/2024-11-09T16_14_35_610Z-
26 verbose logfile /home/ubuntu/.npm/_logs/2024-11-09T16_14_35_610Z-debug-0.log
27 timing npm:load:logFile Completed in 62ms
28 timing npm:load:timers Completed in 0ms
29 timing npm:load:configScope Completed in 1ms
30 timing npm:load Completed in 298ms
31 timing config:load:flatten Completed in 1ms
32 silly logfile start cleaning logs, removing 1 files
33 silly logfile done cleaning log files
