0 verbose cli /usr/bin/node /usr/bin/npm
1 info using npm@9.2.0
2 info using node@v18.19.1
3 timing npm:load:whichnode Completed in 1ms
4 timing config:load:defaults Completed in 3ms
5 timing config:load:file:/usr/share/nodejs/npm/npmrc Completed in 8ms
6 timing config:load:builtin Completed in 8ms
7 timing config:load:cli Completed in 4ms
8 timing config:load:env Completed in 1ms
9 timing config:load:file:/home/ubuntu/food-tracker-fullstack/client/.npmrc Completed in 1ms
10 timing config:load:project Completed in 12ms
11 timing config:load:file:/home/ubuntu/.npmrc Completed in 0ms
12 timing config:load:user Completed in 0ms
13 timing config:load:file:/etc/npmrc Completed in 1ms
14 timing config:load:global Completed in 1ms
15 timing config:load:setEnvs Completed in 3ms
16 timing config:load Completed in 33ms
17 timing npm:load:configload Completed in 33ms
18 timing npm:load:mkdirpcache Completed in 2ms
19 timing npm:load:mkdirplogs Completed in 0ms
20 verbose title npm install
21 verbose argv "install"
22 timing npm:load:setTitle Completed in 3ms
23 timing config:load:flatten Completed in 10ms
24 timing npm:load:display Completed in 12ms
25 verbose logfile logs-max:10 dir:/home/ubuntu/.npm/_logs/2024-11-09T16_22_31_083Z-
26 verbose logfile /home/ubuntu/.npm/_logs/2024-11-09T16_22_31_083Z-debug-0.log
27 timing npm:load:logFile Completed in 12ms
28 timing npm:load:timers Completed in 1ms
29 timing npm:load:configScope Completed in 0ms
30 timing npm:load Completed in 65ms
31 timing config:load:flatten Completed in 0ms
32 timing arborist:ctor Completed in 1ms
33 silly logfile start cleaning logs, removing 1 files
34 silly logfile done cleaning log files
35 timing idealTree:init Completed in 522ms
36 timing idealTree:userRequests Completed in 0ms
37 silly idealTree buildDeps
38 timing idealTree:#root Completed in 1ms
39 timing idealTree:buildDeps Completed in 3ms
40 timing idealTree:fixDepFlags Completed in 0ms
41 timing idealTree Completed in 535ms
42 timing arborist:ctor Completed in 1ms
43 timing reify:loadTrees Completed in 962ms
44 timing reify:diffTrees Completed in 12ms
45 silly reify moves {}
46 timing reify:retireShallow Completed in 2ms
47 timing reify:createSparse Completed in 39ms
48 timing reify:loadBundles Completed in 0ms
49 silly audit bulk request {
49 silly audit   '@aashutoshrathi/word-wrap': [ '1.2.6' ],
49 silly audit   '@ampproject/remapping': [ '2.3.0' ],
49 silly audit   '@babel/code-frame': [ '7.24.2' ],
49 silly audit   '@babel/compat-data': [ '7.24.4' ],
49 silly audit   '@babel/core': [ '7.24.4' ],
49 silly audit   '@babel/generator': [ '7.24.4' ],
49 silly audit   '@babel/helper-compilation-targets': [ '7.23.6' ],
49 silly audit   '@babel/helper-environment-visitor': [ '7.22.20' ],
49 silly audit   '@babel/helper-function-name': [ '7.23.0' ],
49 silly audit   '@babel/helper-hoist-variables': [ '7.22.5' ],
49 silly audit   '@babel/helper-module-imports': [ '7.24.3' ],
49 silly audit   '@babel/helper-module-transforms': [ '7.23.3' ],
49 silly audit   '@babel/helper-plugin-utils': [ '7.24.0' ],
49 silly audit   '@babel/helper-simple-access': [ '7.22.5' ],
49 silly audit   '@babel/helper-split-export-declaration': [ '7.22.6' ],
49 silly audit   '@babel/helper-string-parser': [ '7.24.1' ],
49 silly audit   '@babel/helper-validator-identifier': [ '7.22.20' ],
49 silly audit   '@babel/helper-validator-option': [ '7.23.5' ],
49 silly audit   '@babel/helpers': [ '7.24.4' ],
49 silly audit   '@babel/highlight': [ '7.24.2' ],
49 silly audit   '@babel/parser': [ '7.24.4' ],
49 silly audit   '@babel/plugin-transform-react-jsx-self': [ '7.24.1' ],
49 silly audit   '@babel/plugin-transform-react-jsx-source': [ '7.24.1' ],
49 silly audit   '@babel/template': [ '7.24.0' ],
49 silly audit   '@babel/traverse': [ '7.24.1' ],
49 silly audit   '@babel/types': [ '7.24.0' ],
49 silly audit   '@esbuild/aix-ppc64': [ '0.21.5' ],
49 silly audit   '@esbuild/android-arm': [ '0.21.5' ],
49 silly audit   '@esbuild/android-arm64': [ '0.21.5' ],
49 silly audit   '@esbuild/android-x64': [ '0.21.5' ],
49 silly audit   '@esbuild/darwin-arm64': [ '0.21.5' ],
49 silly audit   '@esbuild/darwin-x64': [ '0.21.5' ],
49 silly audit   '@esbuild/freebsd-arm64': [ '0.21.5' ],
49 silly audit   '@esbuild/freebsd-x64': [ '0.21.5' ],
49 silly audit   '@esbuild/linux-arm': [ '0.21.5' ],
49 silly audit   '@esbuild/linux-arm64': [ '0.21.5' ],
49 silly audit   '@esbuild/linux-ia32': [ '0.21.5' ],
49 silly audit   '@esbuild/linux-loong64': [ '0.21.5' ],
49 silly audit   '@esbuild/linux-mips64el': [ '0.21.5' ],
49 silly audit   '@esbuild/linux-ppc64': [ '0.21.5' ],
49 silly audit   '@esbuild/linux-riscv64': [ '0.21.5' ],
49 silly audit   '@esbuild/linux-s390x': [ '0.21.5' ],
49 silly audit   '@esbuild/linux-x64': [ '0.21.5' ],
49 silly audit   '@esbuild/netbsd-x64': [ '0.21.5' ],
49 silly audit   '@esbuild/openbsd-x64': [ '0.21.5' ],
49 silly audit   '@esbuild/sunos-x64': [ '0.21.5' ],
49 silly audit   '@esbuild/win32-arm64': [ '0.21.5' ],
49 silly audit   '@esbuild/win32-ia32': [ '0.21.5' ],
49 silly audit   '@esbuild/win32-x64': [ '0.21.5' ],
49 silly audit   '@eslint-community/eslint-utils': [ '4.4.0' ],
49 silly audit   '@eslint-community/regexpp': [ '4.10.0' ],
49 silly audit   '@eslint/eslintrc': [ '2.1.4' ],
49 silly audit   globals: [ '13.24.0', '11.12.0' ],
49 silly audit   '@eslint/js': [ '8.57.0' ],
49 silly audit   '@humanwhocodes/config-array': [ '0.11.14' ],
49 silly audit   '@humanwhocodes/module-importer': [ '1.0.1' ],
49 silly audit   '@humanwhocodes/object-schema': [ '2.0.3' ],
49 silly audit   '@jridgewell/gen-mapping': [ '0.3.5' ],
49 silly audit   '@jridgewell/resolve-uri': [ '3.1.2' ],
49 silly audit   '@jridgewell/set-array': [ '1.2.1' ],
49 silly audit   '@jridgewell/sourcemap-codec': [ '1.4.15' ],
49 silly audit   '@jridgewell/trace-mapping': [ '0.3.25' ],
49 silly audit   '@nodelib/fs.scandir': [ '2.1.5' ],
49 silly audit   '@nodelib/fs.stat': [ '2.0.5' ],
49 silly audit   '@nodelib/fs.walk': [ '1.2.8' ],
49 silly audit   '@remix-run/router': [ '1.19.0' ],
49 silly audit   '@rollup/rollup-android-arm-eabi': [ '4.22.4' ],
49 silly audit   '@rollup/rollup-android-arm64': [ '4.22.4' ],
49 silly audit   '@rollup/rollup-darwin-arm64': [ '4.22.4' ],
49 silly audit   '@rollup/rollup-darwin-x64': [ '4.22.4' ],
49 silly audit   '@rollup/rollup-linux-arm-gnueabihf': [ '4.22.4' ],
49 silly audit   '@rollup/rollup-linux-arm-musleabihf': [ '4.22.4' ],
49 silly audit   '@rollup/rollup-linux-arm64-gnu': [ '4.22.4' ],
49 silly audit   '@rollup/rollup-linux-arm64-musl': [ '4.22.4' ],
49 silly audit   '@rollup/rollup-linux-powerpc64le-gnu': [ '4.22.4' ],
49 silly audit   '@rollup/rollup-linux-riscv64-gnu': [ '4.22.4' ],
49 silly audit   '@rollup/rollup-linux-s390x-gnu': [ '4.22.4' ],
49 silly audit   '@rollup/rollup-linux-x64-gnu': [ '4.22.4' ],
49 silly audit   '@rollup/rollup-linux-x64-musl': [ '4.22.4' ],
49 silly audit   '@rollup/rollup-win32-arm64-msvc': [ '4.22.4' ],
49 silly audit   '@rollup/rollup-win32-ia32-msvc': [ '4.22.4' ],
49 silly audit   '@rollup/rollup-win32-x64-msvc': [ '4.22.4' ],
49 silly audit   '@types/babel__core': [ '7.20.5' ],
49 silly audit   '@types/babel__generator': [ '7.6.8' ],
49 silly audit   '@types/babel__template': [ '7.4.4' ],
49 silly audit   '@types/babel__traverse': [ '7.20.5' ],
49 silly audit   '@types/estree': [ '1.0.5' ],
49 silly audit   '@types/http-proxy': [ '1.17.14' ],
49 silly audit   '@types/node': [ '20.12.10' ],
49 silly audit   '@types/prop-types': [ '15.7.12' ],
49 silly audit   '@types/react': [ '18.2.78' ],
49 silly audit   '@types/react-dom': [ '18.2.25' ],
49 silly audit   '@ungap/structured-clone': [ '1.2.0' ],
49 silly audit   '@vitejs/plugin-react': [ '4.2.1' ],
49 silly audit   acorn: [ '8.11.3' ],
49 silly audit   'acorn-jsx': [ '5.3.2' ],
49 silly audit   ajv: [ '6.12.6' ],
49 silly audit   'ansi-regex': [ '5.0.1' ],
49 silly audit   'ansi-styles': [ '3.2.1', '4.3.0' ],
49 silly audit   argparse: [ '2.0.1' ],
49 silly audit   'array-buffer-byte-length': [ '1.0.1' ],
49 silly audit   'array-includes': [ '3.1.8' ],
49 silly audit   'array.prototype.findlast': [ '1.2.5' ],
49 silly audit   'array.prototype.flat': [ '1.3.2' ],
49 silly audit   'array.prototype.flatmap': [ '1.3.2' ],
49 silly audit   'array.prototype.toreversed': [ '1.1.2' ],
49 silly audit   'array.prototype.tosorted': [ '1.1.3' ],
49 silly audit   'arraybuffer.prototype.slice': [ '1.0.3' ],
49 silly audit   asynckit: [ '0.4.0' ],
49 silly audit   'available-typed-arrays': [ '1.0.7' ],
49 silly audit   axios: [ '1.7.4' ],
49 silly audit   'balanced-match': [ '1.0.2' ],
49 silly audit   'brace-expansion': [ '1.1.11' ],
49 silly audit   braces: [ '3.0.3' ],
49 silly audit   browserslist: [ '4.23.0' ],
49 silly audit   'call-bind': [ '1.0.7' ],
49 silly audit   callsites: [ '3.1.0' ],
49 silly audit   'caniuse-lite': [ '1.0.30001610' ],
49 silly audit   chalk: [ '2.4.2', '4.1.2' ],
49 silly audit   'color-convert': [ '1.9.3', '2.0.1' ],
49 silly audit   'color-name': [ '1.1.3', '1.1.4' ],
49 silly audit   'combined-stream': [ '1.0.8' ],
49 silly audit   'concat-map': [ '0.0.1' ],
49 silly audit   'convert-source-map': [ '2.0.0' ],
49 silly audit   'cross-spawn': [ '7.0.3' ],
49 silly audit   csstype: [ '3.1.3' ],
49 silly audit   'data-view-buffer': [ '1.0.1' ],
49 silly audit   'data-view-byte-length': [ '1.0.1' ],
49 silly audit   'data-view-byte-offset': [ '1.0.0' ],
49 silly audit   debug: [ '4.3.4' ],
49 silly audit   'deep-is': [ '0.1.4' ],
49 silly audit   'define-data-property': [ '1.1.4' ],
49 silly audit   'define-properties': [ '1.2.1' ],
49 silly audit   'delayed-stream': [ '1.0.0' ],
49 silly audit   doctrine: [ '3.0.0', '2.1.0' ],
49 silly audit   dotenv: [ '16.4.5' ],
49 silly audit   'electron-to-chromium': [ '1.4.736' ],
49 silly audit   'es-abstract': [ '1.23.3' ],
49 silly audit   'es-define-property': [ '1.0.0' ],
49 silly audit   'es-errors': [ '1.3.0' ],
49 silly audit   'es-iterator-helpers': [ '1.0.18' ],
49 silly audit   'es-object-atoms': [ '1.0.0' ],
49 silly audit   'es-set-tostringtag': [ '2.0.3' ],
49 silly audit   'es-shim-unscopables': [ '1.0.2' ],
49 silly audit   'es-to-primitive': [ '1.2.1' ],
49 silly audit   esbuild: [ '0.21.5' ],
49 silly audit   escalade: [ '3.1.2' ],
49 silly audit   'escape-string-regexp': [ '1.0.5', '4.0.0' ],
49 silly audit   eslint: [ '8.57.0' ],
49 silly audit   'eslint-plugin-react': [ '7.34.1' ],
49 silly audit   'eslint-plugin-react-hooks': [ '4.6.0' ],
49 silly audit   'eslint-plugin-react-refresh': [ '0.4.6' ],
49 silly audit   'eslint-scope': [ '7.2.2' ],
49 silly audit   'eslint-visitor-keys': [ '3.4.3' ],
49 silly audit   'has-flag': [ '4.0.0', '3.0.0' ],
49 silly audit   'supports-color': [ '7.2.0', '5.5.0' ],
49 silly audit   espree: [ '9.6.1' ],
49 silly audit   esquery: [ '1.5.0' ],
49 silly audit   esrecurse: [ '4.3.0' ],
49 silly audit   estraverse: [ '5.3.0' ],
49 silly audit   esutils: [ '2.0.3' ],
49 silly audit   eventemitter3: [ '4.0.7' ],
49 silly audit   'fast-deep-equal': [ '3.1.3' ],
49 silly audit   'fast-json-stable-stringify': [ '2.1.0' ],
49 silly audit   'fast-levenshtein': [ '2.0.6' ],
49 silly audit   fastq: [ '1.17.1' ],
49 silly audit   'file-entry-cache': [ '6.0.1' ],
49 silly audit   'fill-range': [ '7.1.1' ],
49 silly audit   'find-up': [ '5.0.0' ],
49 silly audit   'flat-cache': [ '3.2.0' ],
49 silly audit   flatted: [ '3.3.1' ],
49 silly audit   'follow-redirects': [ '1.15.6' ],
49 silly audit   'for-each': [ '0.3.3' ],
49 silly audit   'form-data': [ '4.0.0' ],
49 silly audit   'fs.realpath': [ '1.0.0' ],
49 silly audit   fsevents: [ '2.3.3' ],
49 silly audit   'function-bind': [ '1.1.2' ],
49 silly audit   'function.prototype.name': [ '1.1.6' ],
49 silly audit   'functions-have-names': [ '1.2.3' ],
49 silly audit   gensync: [ '1.0.0-beta.2' ],
49 silly audit   'get-intrinsic': [ '1.2.4' ],
49 silly audit   'get-symbol-description': [ '1.0.2' ],
49 silly audit   glob: [ '7.2.3' ],
49 silly audit   'glob-parent': [ '6.0.2' ],
49 silly audit   globalthis: [ '1.0.3' ],
49 silly audit   gopd: [ '1.0.1' ],
49 silly audit   graphemer: [ '1.4.0' ],
49 silly audit   'has-bigints': [ '1.0.2' ],
49 silly audit   'has-property-descriptors': [ '1.0.2' ],
49 silly audit   'has-proto': [ '1.0.3' ],
49 silly audit   'has-symbols': [ '1.0.3' ],
49 silly audit   'has-tostringtag': [ '1.0.2' ],
49 silly audit   hasown: [ '2.0.2' ],
49 silly audit   'http-proxy': [ '1.18.1' ],
49 silly audit   'http-proxy-middleware': [ '3.0.0' ],
49 silly audit   ignore: [ '5.3.1' ],
49 silly audit   'import-fresh': [ '3.3.0' ],
49 silly audit   imurmurhash: [ '0.1.4' ],
49 silly audit   inflight: [ '1.0.6' ],
49 silly audit   inherits: [ '2.0.4' ],
49 silly audit   'internal-slot': [ '1.0.7' ],
49 silly audit   'is-array-buffer': [ '3.0.4' ],
49 silly audit   'is-async-function': [ '2.0.0' ],
49 silly audit   'is-bigint': [ '1.0.4' ],
49 silly audit   'is-boolean-object': [ '1.1.2' ],
49 silly audit   'is-callable': [ '1.2.7' ],
49 silly audit   'is-core-module': [ '2.13.1' ],
49 silly audit   'is-data-view': [ '1.0.1' ],
49 silly audit   'is-date-object': [ '1.0.5' ],
49 silly audit   'is-extglob': [ '2.1.1' ],
49 silly audit   'is-finalizationregistry': [ '1.0.2' ],
49 silly audit   'is-generator-function': [ '1.0.10' ],
49 silly audit   'is-glob': [ '4.0.3' ],
49 silly audit   'is-map': [ '2.0.3' ],
49 silly audit   'is-negative-zero': [ '2.0.3' ],
49 silly audit   'is-number': [ '7.0.0' ],
49 silly audit   'is-number-object': [ '1.0.7' ],
49 silly audit   'is-path-inside': [ '3.0.3' ],
49 silly audit   'is-plain-obj': [ '3.0.0' ],
49 silly audit   'is-regex': [ '1.1.4' ],
49 silly audit   'is-set': [ '2.0.3' ],
49 silly audit   'is-shared-array-buffer': [ '1.0.3' ],
49 silly audit   'is-string': [ '1.0.7' ],
49 silly audit   'is-symbol': [ '1.0.4' ],
49 silly audit   'is-typed-array': [ '1.1.13' ],
49 silly audit   'is-weakmap': [ '2.0.2' ],
49 silly audit   'is-weakref': [ '1.0.2' ],
49 silly audit   'is-weakset': [ '2.0.3' ],
49 silly audit   isarray: [ '2.0.5' ],
49 silly audit   isexe: [ '2.0.0' ],
49 silly audit   'iterator.prototype': [ '1.1.2' ],
49 silly audit   'js-tokens': [ '4.0.0' ],
49 silly audit   'js-yaml': [ '4.1.0' ],
49 silly audit   jsesc: [ '2.5.2' ],
49 silly audit   'json-buffer': [ '3.0.1' ],
49 silly audit   'json-schema-traverse': [ '0.4.1' ],
49 silly audit   'json-stable-stringify-without-jsonify': [ '1.0.1' ],
49 silly audit   json5: [ '2.2.3' ],
49 silly audit   'jsx-ast-utils': [ '3.3.5' ],
49 silly audit   keyv: [ '4.5.4' ],
49 silly audit   levn: [ '0.4.1' ],
49 silly audit   'locate-path': [ '6.0.0' ],
49 silly audit   'lodash.merge': [ '4.6.2' ],
49 silly audit   'loose-envify': [ '1.4.0' ],
49 silly audit   'lru-cache': [ '5.1.1' ],
49 silly audit   luxon: [ '3.5.0' ],
49 silly audit   micromatch: [ '4.0.8' ],
49 silly audit   'mime-db': [ '1.52.0' ],
49 silly audit   'mime-types': [ '2.1.35' ],
49 silly audit   minimatch: [ '3.1.2' ],
49 silly audit   ms: [ '2.1.2' ],
49 silly audit   nanoid: [ '3.3.7' ],
49 silly audit   'natural-compare': [ '1.4.0' ],
49 silly audit   'node-releases': [ '2.0.14' ],
49 silly audit   'object-assign': [ '4.1.1' ],
49 silly audit   'object-inspect': [ '1.13.1' ],
49 silly audit   'object-keys': [ '1.1.1' ],
49 silly audit   'object.assign': [ '4.1.5' ],
49 silly audit   'object.entries': [ '1.1.8' ],
49 silly audit   'object.fromentries': [ '2.0.8' ],
49 silly audit   'object.hasown': [ '1.1.4' ],
49 silly audit   'object.values': [ '1.2.0' ],
49 silly audit   once: [ '1.4.0' ],
49 silly audit   optionator: [ '0.9.3' ],
49 silly audit   'p-limit': [ '3.1.0' ],
49 silly audit   'p-locate': [ '5.0.0' ],
49 silly audit   'parent-module': [ '1.0.1' ],
49 silly audit   'path-exists': [ '4.0.0' ],
49 silly audit   'path-is-absolute': [ '1.0.1' ],
49 silly audit   'path-key': [ '3.1.1' ],
49 silly audit   'path-parse': [ '1.0.7' ],
49 silly audit   picocolors: [ '1.1.0' ],
49 silly audit   picomatch: [ '2.3.1' ],
49 silly audit   'possible-typed-array-names': [ '1.0.0' ],
49 silly audit   postcss: [ '8.4.47' ],
49 silly audit   'prelude-ls': [ '1.2.1' ],
49 silly audit   'prop-types': [ '15.8.1' ],
49 silly audit   'proxy-from-env': [ '1.1.0' ],
49 silly audit   punycode: [ '2.3.1' ],
49 silly audit   'queue-microtask': [ '1.2.3' ],
49 silly audit   react: [ '18.2.0' ],
49 silly audit   'react-dom': [ '18.2.0' ],
49 silly audit   'react-is': [ '16.13.1' ],
49 silly audit   'react-refresh': [ '0.14.0' ],
49 silly audit   'react-router': [ '6.26.0' ],
49 silly audit   'react-router-dom': [ '6.26.0' ],
49 silly audit   'reflect.getprototypeof': [ '1.0.6' ],
49 silly audit   'regexp.prototype.flags': [ '1.5.2' ],
49 silly audit   'requires-port': [ '1.0.0' ],
49 silly audit   resolve: [ '2.0.0-next.5' ],
49 silly audit   'resolve-from': [ '4.0.0' ],
49 silly audit   reusify: [ '1.0.4' ],
49 silly audit   rimraf: [ '3.0.2' ],
49 silly audit   rollup: [ '4.22.4' ],
49 silly audit   'run-parallel': [ '1.2.0' ],
49 silly audit   'safe-array-concat': [ '1.1.2' ],
49 silly audit   'safe-regex-test': [ '1.0.3' ],
49 silly audit   scheduler: [ '0.23.0' ],
49 silly audit   semver: [ '6.3.1' ],
49 silly audit   'set-function-length': [ '1.2.2' ],
49 silly audit   'set-function-name': [ '2.0.2' ],
49 silly audit   'shebang-command': [ '2.0.0' ],
49 silly audit   'shebang-regex': [ '3.0.0' ],
49 silly audit   'side-channel': [ '1.0.6' ],
49 silly audit   'source-map-js': [ '1.2.1' ],
49 silly audit   'string.prototype.matchall': [ '4.0.11' ],
49 silly audit   'string.prototype.trim': [ '1.2.9' ],
49 silly audit   'string.prototype.trimend': [ '1.0.8' ],
49 silly audit   'string.prototype.trimstart': [ '1.0.8' ],
49 silly audit   'strip-ansi': [ '6.0.1' ],
49 silly audit   'strip-json-comments': [ '3.1.1' ],
49 silly audit   'supports-preserve-symlinks-flag': [ '1.0.0' ],
49 silly audit   'text-table': [ '0.2.0' ],
49 silly audit   'to-fast-properties': [ '2.0.0' ],
49 silly audit   'to-regex-range': [ '5.0.1' ],
49 silly audit   'type-check': [ '0.4.0' ],
49 silly audit   'type-fest': [ '0.20.2' ],
49 silly audit   'typed-array-buffer': [ '1.0.2' ],
49 silly audit   'typed-array-byte-length': [ '1.0.1' ],
49 silly audit   'typed-array-byte-offset': [ '1.0.2' ],
49 silly audit   'typed-array-length': [ '1.0.6' ],
49 silly audit   'unbox-primitive': [ '1.0.2' ],
49 silly audit   'undici-types': [ '5.26.5' ],
49 silly audit   'update-browserslist-db': [ '1.0.13' ],
49 silly audit   'uri-js': [ '4.4.1' ],
49 silly audit   vite: [ '5.4.8' ],
49 silly audit   which: [ '2.0.2' ],
49 silly audit   'which-boxed-primitive': [ '1.0.2' ],
49 silly audit   'which-builtin-type': [ '1.1.3' ],
49 silly audit   'which-collection': [ '1.0.2' ],
49 silly audit   'which-typed-array': [ '1.1.15' ],
49 silly audit   wrappy: [ '1.0.2' ],
49 silly audit   yallist: [ '3.1.1' ],
49 silly audit   'yocto-queue': [ '0.1.0' ]
49 silly audit }
50 verbose reify failed optional dependency /home/ubuntu/food-tracker-fullstack/client/node_modules/fsevents
51 silly reify mark deleted [ '/home/ubuntu/food-tracker-fullstack/client/node_modules/fsevents' ]
52 verbose reify failed optional dependency /home/ubuntu/food-tracker-fullstack/client/node_modules/@rollup/rollup-win32-x64-msvc
53 silly reify mark deleted [
53 silly reify   '/home/ubuntu/food-tracker-fullstack/client/node_modules/@rollup/rollup-win32-x64-msvc'
53 silly reify ]
54 verbose reify failed optional dependency /home/ubuntu/food-tracker-fullstack/client/node_modules/@rollup/rollup-win32-ia32-msvc
55 silly reify mark deleted [
55 silly reify   '/home/ubuntu/food-tracker-fullstack/client/node_modules/@rollup/rollup-win32-ia32-msvc'
55 silly reify ]
56 verbose reify failed optional dependency /home/ubuntu/food-tracker-fullstack/client/node_modules/@rollup/rollup-win32-arm64-msvc
57 silly reify mark deleted [
57 silly reify   '/home/ubuntu/food-tracker-fullstack/client/node_modules/@rollup/rollup-win32-arm64-msvc'
57 silly reify ]
58 verbose reify failed optional dependency /home/ubuntu/food-tracker-fullstack/client/node_modules/@rollup/rollup-linux-s390x-gnu
59 silly reify mark deleted [
59 silly reify   '/home/ubuntu/food-tracker-fullstack/client/node_modules/@rollup/rollup-linux-s390x-gnu'
59 silly reify ]
60 verbose reify failed optional dependency /home/ubuntu/food-tracker-fullstack/client/node_modules/@rollup/rollup-linux-riscv64-gnu
61 silly reify mark deleted [
61 silly reify   '/home/ubuntu/food-tracker-fullstack/client/node_modules/@rollup/rollup-linux-riscv64-gnu'
61 silly reify ]
62 verbose reify failed optional dependency /home/ubuntu/food-tracker-fullstack/client/node_modules/@rollup/rollup-linux-powerpc64le-gnu
63 silly reify mark deleted [
63 silly reify   '/home/ubuntu/food-tracker-fullstack/client/node_modules/@rollup/rollup-linux-powerpc64le-gnu'
63 silly reify ]
64 verbose reify failed optional dependency /home/ubuntu/food-tracker-fullstack/client/node_modules/@rollup/rollup-linux-arm64-musl
65 silly reify mark deleted [
65 silly reify   '/home/ubuntu/food-tracker-fullstack/client/node_modules/@rollup/rollup-linux-arm64-musl'
65 silly reify ]
66 verbose reify failed optional dependency /home/ubuntu/food-tracker-fullstack/client/node_modules/@rollup/rollup-linux-arm64-gnu
67 silly reify mark deleted [
67 silly reify   '/home/ubuntu/food-tracker-fullstack/client/node_modules/@rollup/rollup-linux-arm64-gnu'
67 silly reify ]
68 verbose reify failed optional dependency /home/ubuntu/food-tracker-fullstack/client/node_modules/@rollup/rollup-linux-arm-musleabihf
69 silly reify mark deleted [
69 silly reify   '/home/ubuntu/food-tracker-fullstack/client/node_modules/@rollup/rollup-linux-arm-musleabihf'
69 silly reify ]
70 verbose reify failed optional dependency /home/ubuntu/food-tracker-fullstack/client/node_modules/@rollup/rollup-linux-arm-gnueabihf
71 silly reify mark deleted [
71 silly reify   '/home/ubuntu/food-tracker-fullstack/client/node_modules/@rollup/rollup-linux-arm-gnueabihf'
71 silly reify ]
72 verbose reify failed optional dependency /home/ubuntu/food-tracker-fullstack/client/node_modules/@rollup/rollup-darwin-x64
73 silly reify mark deleted [
73 silly reify   '/home/ubuntu/food-tracker-fullstack/client/node_modules/@rollup/rollup-darwin-x64'
73 silly reify ]
74 verbose reify failed optional dependency /home/ubuntu/food-tracker-fullstack/client/node_modules/@rollup/rollup-darwin-arm64
75 silly reify mark deleted [
75 silly reify   '/home/ubuntu/food-tracker-fullstack/client/node_modules/@rollup/rollup-darwin-arm64'
75 silly reify ]
76 verbose reify failed optional dependency /home/ubuntu/food-tracker-fullstack/client/node_modules/@rollup/rollup-android-arm64
77 silly reify mark deleted [
77 silly reify   '/home/ubuntu/food-tracker-fullstack/client/node_modules/@rollup/rollup-android-arm64'
77 silly reify ]
78 verbose reify failed optional dependency /home/ubuntu/food-tracker-fullstack/client/node_modules/@rollup/rollup-android-arm-eabi
79 silly reify mark deleted [
79 silly reify   '/home/ubuntu/food-tracker-fullstack/client/node_modules/@rollup/rollup-android-arm-eabi'
79 silly reify ]
80 verbose reify failed optional dependency /home/ubuntu/food-tracker-fullstack/client/node_modules/@esbuild/win32-x64
81 silly reify mark deleted [
81 silly reify   '/home/ubuntu/food-tracker-fullstack/client/node_modules/@esbuild/win32-x64'
81 silly reify ]
82 verbose reify failed optional dependency /home/ubuntu/food-tracker-fullstack/client/node_modules/@esbuild/win32-ia32
83 silly reify mark deleted [
83 silly reify   '/home/ubuntu/food-tracker-fullstack/client/node_modules/@esbuild/win32-ia32'
83 silly reify ]
84 verbose reify failed optional dependency /home/ubuntu/food-tracker-fullstack/client/node_modules/@esbuild/win32-arm64
85 silly reify mark deleted [
85 silly reify   '/home/ubuntu/food-tracker-fullstack/client/node_modules/@esbuild/win32-arm64'
85 silly reify ]
86 verbose reify failed optional dependency /home/ubuntu/food-tracker-fullstack/client/node_modules/@esbuild/sunos-x64
87 silly reify mark deleted [
87 silly reify   '/home/ubuntu/food-tracker-fullstack/client/node_modules/@esbuild/sunos-x64'
87 silly reify ]
88 verbose reify failed optional dependency /home/ubuntu/food-tracker-fullstack/client/node_modules/@esbuild/openbsd-x64
89 silly reify mark deleted [
89 silly reify   '/home/ubuntu/food-tracker-fullstack/client/node_modules/@esbuild/openbsd-x64'
89 silly reify ]
90 verbose reify failed optional dependency /home/ubuntu/food-tracker-fullstack/client/node_modules/@esbuild/netbsd-x64
91 silly reify mark deleted [
91 silly reify   '/home/ubuntu/food-tracker-fullstack/client/node_modules/@esbuild/netbsd-x64'
91 silly reify ]
92 verbose reify failed optional dependency /home/ubuntu/food-tracker-fullstack/client/node_modules/@esbuild/linux-s390x
93 silly reify mark deleted [
93 silly reify   '/home/ubuntu/food-tracker-fullstack/client/node_modules/@esbuild/linux-s390x'
93 silly reify ]
94 verbose reify failed optional dependency /home/ubuntu/food-tracker-fullstack/client/node_modules/@esbuild/linux-riscv64
95 silly reify mark deleted [
95 silly reify   '/home/ubuntu/food-tracker-fullstack/client/node_modules/@esbuild/linux-riscv64'
95 silly reify ]
96 verbose reify failed optional dependency /home/ubuntu/food-tracker-fullstack/client/node_modules/@esbuild/linux-ppc64
97 silly reify mark deleted [
97 silly reify   '/home/ubuntu/food-tracker-fullstack/client/node_modules/@esbuild/linux-ppc64'
97 silly reify ]
98 verbose reify failed optional dependency /home/ubuntu/food-tracker-fullstack/client/node_modules/@esbuild/linux-mips64el
99 silly reify mark deleted [
99 silly reify   '/home/ubuntu/food-tracker-fullstack/client/node_modules/@esbuild/linux-mips64el'
99 silly reify ]
100 verbose reify failed optional dependency /home/ubuntu/food-tracker-fullstack/client/node_modules/@esbuild/linux-loong64
101 silly reify mark deleted [
101 silly reify   '/home/ubuntu/food-tracker-fullstack/client/node_modules/@esbuild/linux-loong64'
101 silly reify ]
102 verbose reify failed optional dependency /home/ubuntu/food-tracker-fullstack/client/node_modules/@esbuild/linux-ia32
103 silly reify mark deleted [
103 silly reify   '/home/ubuntu/food-tracker-fullstack/client/node_modules/@esbuild/linux-ia32'
103 silly reify ]
104 verbose reify failed optional dependency /home/ubuntu/food-tracker-fullstack/client/node_modules/@esbuild/linux-arm64
105 silly reify mark deleted [
105 silly reify   '/home/ubuntu/food-tracker-fullstack/client/node_modules/@esbuild/linux-arm64'
105 silly reify ]
106 verbose reify failed optional dependency /home/ubuntu/food-tracker-fullstack/client/node_modules/@esbuild/linux-arm
107 silly reify mark deleted [
107 silly reify   '/home/ubuntu/food-tracker-fullstack/client/node_modules/@esbuild/linux-arm'
107 silly reify ]
108 verbose reify failed optional dependency /home/ubuntu/food-tracker-fullstack/client/node_modules/@esbuild/freebsd-x64
109 silly reify mark deleted [
109 silly reify   '/home/ubuntu/food-tracker-fullstack/client/node_modules/@esbuild/freebsd-x64'
109 silly reify ]
110 verbose reify failed optional dependency /home/ubuntu/food-tracker-fullstack/client/node_modules/@esbuild/freebsd-arm64
111 silly reify mark deleted [
111 silly reify   '/home/ubuntu/food-tracker-fullstack/client/node_modules/@esbuild/freebsd-arm64'
111 silly reify ]
112 verbose reify failed optional dependency /home/ubuntu/food-tracker-fullstack/client/node_modules/@esbuild/darwin-x64
113 silly reify mark deleted [
113 silly reify   '/home/ubuntu/food-tracker-fullstack/client/node_modules/@esbuild/darwin-x64'
113 silly reify ]
114 verbose reify failed optional dependency /home/ubuntu/food-tracker-fullstack/client/node_modules/@esbuild/darwin-arm64
115 silly reify mark deleted [
115 silly reify   '/home/ubuntu/food-tracker-fullstack/client/node_modules/@esbuild/darwin-arm64'
115 silly reify ]
116 verbose reify failed optional dependency /home/ubuntu/food-tracker-fullstack/client/node_modules/@esbuild/android-x64
117 silly reify mark deleted [
117 silly reify   '/home/ubuntu/food-tracker-fullstack/client/node_modules/@esbuild/android-x64'
117 silly reify ]
118 verbose reify failed optional dependency /home/ubuntu/food-tracker-fullstack/client/node_modules/@esbuild/android-arm64
119 silly reify mark deleted [
119 silly reify   '/home/ubuntu/food-tracker-fullstack/client/node_modules/@esbuild/android-arm64'
119 silly reify ]
120 verbose reify failed optional dependency /home/ubuntu/food-tracker-fullstack/client/node_modules/@esbuild/android-arm
121 silly reify mark deleted [
121 silly reify   '/home/ubuntu/food-tracker-fullstack/client/node_modules/@esbuild/android-arm'
121 silly reify ]
122 verbose reify failed optional dependency /home/ubuntu/food-tracker-fullstack/client/node_modules/@esbuild/aix-ppc64
123 silly reify mark deleted [
123 silly reify   '/home/ubuntu/food-tracker-fullstack/client/node_modules/@esbuild/aix-ppc64'
123 silly reify ]
124 timing reifyNode:node_modules/fsevents Completed in 93ms
125 timing reifyNode:node_modules/@rollup/rollup-win32-x64-msvc Completed in 93ms
126 timing reifyNode:node_modules/@rollup/rollup-win32-ia32-msvc Completed in 92ms
127 timing reifyNode:node_modules/@rollup/rollup-win32-arm64-msvc Completed in 92ms
128 timing reifyNode:node_modules/@rollup/rollup-linux-s390x-gnu Completed in 92ms
129 timing reifyNode:node_modules/@rollup/rollup-linux-riscv64-gnu Completed in 91ms
130 timing reifyNode:node_modules/@rollup/rollup-linux-powerpc64le-gnu Completed in 91ms
131 timing reifyNode:node_modules/@rollup/rollup-linux-arm64-musl Completed in 92ms
132 timing reifyNode:node_modules/@rollup/rollup-linux-arm64-gnu Completed in 92ms
133 timing reifyNode:node_modules/@rollup/rollup-linux-arm-musleabihf Completed in 91ms
134 timing reifyNode:node_modules/@rollup/rollup-linux-arm-gnueabihf Completed in 91ms
135 timing reifyNode:node_modules/@rollup/rollup-darwin-x64 Completed in 91ms
136 timing reifyNode:node_modules/@rollup/rollup-darwin-arm64 Completed in 89ms
137 timing reifyNode:node_modules/@rollup/rollup-android-arm64 Completed in 89ms
138 timing reifyNode:node_modules/@rollup/rollup-android-arm-eabi Completed in 89ms
139 timing reifyNode:node_modules/@esbuild/win32-x64 Completed in 89ms
140 timing reifyNode:node_modules/@esbuild/win32-ia32 Completed in 88ms
141 timing reifyNode:node_modules/@esbuild/win32-arm64 Completed in 88ms
142 timing reifyNode:node_modules/@esbuild/sunos-x64 Completed in 88ms
143 timing reifyNode:node_modules/@esbuild/openbsd-x64 Completed in 89ms
144 timing reifyNode:node_modules/@esbuild/netbsd-x64 Completed in 89ms
145 timing reifyNode:node_modules/@esbuild/linux-s390x Completed in 89ms
146 timing reifyNode:node_modules/@esbuild/linux-riscv64 Completed in 88ms
147 timing reifyNode:node_modules/@esbuild/linux-ppc64 Completed in 88ms
148 timing reifyNode:node_modules/@esbuild/linux-mips64el Completed in 88ms
149 timing reifyNode:node_modules/@esbuild/linux-loong64 Completed in 88ms
150 timing reifyNode:node_modules/@esbuild/linux-ia32 Completed in 88ms
151 timing reifyNode:node_modules/@esbuild/linux-arm64 Completed in 87ms
152 timing reifyNode:node_modules/@esbuild/linux-arm Completed in 87ms
153 timing reifyNode:node_modules/@esbuild/freebsd-x64 Completed in 87ms
154 timing reifyNode:node_modules/@esbuild/freebsd-arm64 Completed in 87ms
155 timing reifyNode:node_modules/@esbuild/darwin-x64 Completed in 87ms
156 timing reifyNode:node_modules/@esbuild/darwin-arm64 Completed in 87ms
157 timing reifyNode:node_modules/@esbuild/android-x64 Completed in 86ms
158 timing reifyNode:node_modules/@esbuild/android-arm64 Completed in 87ms
159 timing reifyNode:node_modules/@esbuild/android-arm Completed in 87ms
160 timing reifyNode:node_modules/@esbuild/aix-ppc64 Completed in 87ms
161 timing reify:unpack Completed in 96ms
162 timing reify:unretire Completed in 0ms
163 timing build:queue Completed in 17ms
164 timing build:deps Completed in 18ms
165 timing build Completed in 19ms
166 timing reify:build Completed in 20ms
167 timing reify:trash Completed in 23ms
168 timing reify:save Completed in 203ms
169 http fetch POST 200 https://registry.npmjs.org/-/npm/v1/security/advisories/bulk 425ms
170 timing auditReport:getReport Completed in 440ms
171 silly audit report {
171 silly audit report   'http-proxy-middleware': [
171 silly audit report     {
171 silly audit report       id: 1100222,
171 silly audit report       url: 'https://github.com/advisories/GHSA-c7qv-q95q-8v27',
171 silly audit report       title: 'Denial of service in http-proxy-middleware',
171 silly audit report       severity: 'high',
171 silly audit report       vulnerable_versions: '>=3.0.0 <3.0.3',
171 silly audit report       cwe: [Array],
171 silly audit report       cvss: [Object]
171 silly audit report     }
171 silly audit report   ]
171 silly audit report }
172 timing metavuln:cache:get:security-advisory:http-proxy-middleware:87rJVw5dVrUt4DYZWPc5z2dqHMAhfePy4Dv9Yvd4kywfYckVtRUeIwhcZZ7QVXPsAyQTV8+Du2+2xaCx5O9VeQ== Completed in 25ms
173 http fetch GET 200 https://registry.npmjs.org/http-proxy-middleware 75ms (cache revalidated)
174 timing metavuln:packument:http-proxy-middleware Completed in 83ms
175 timing metavuln:load:security-advisory:http-proxy-middleware:1100222 Completed in 3ms
176 timing metavuln:calculate:security-advisory:http-proxy-middleware:1100222 Completed in 88ms
177 timing auditReport:init Completed in 94ms
178 timing reify:audit Completed in 539ms
179 timing reify Completed in 1579ms
180 silly ADD
181 silly ADD
182 silly ADD
183 silly ADD
184 silly ADD
185 silly ADD
186 silly ADD
187 silly ADD
188 silly ADD
189 silly ADD
190 silly ADD
191 silly ADD
192 silly ADD
193 silly ADD
194 silly ADD
195 silly ADD
196 silly ADD
197 silly ADD
198 silly ADD
199 silly ADD
200 silly ADD
201 silly ADD
202 silly ADD
203 silly ADD
204 silly ADD
205 silly ADD
206 silly ADD
207 silly ADD
208 silly ADD
209 silly ADD
210 silly ADD
211 silly ADD
212 silly ADD
213 silly ADD
214 silly ADD
215 silly ADD
216 silly ADD
217 timing command:install Completed in 1610ms
218 verbose exit 0
219 timing npm Completed in 1699ms
220 info ok
